commit eeaa27b6c423bb13cba1645952096e81749dfcd0
Merge: da722ed 138ac83
Author: Vengadesh Rajamony <Vengadesh.Rajamony@xpo.com>
Date:   Thu Dec 7 19:43:05 2017 +0530

    Merge pull request #19 from xpologistics/XLMHL2635
    
    XLMHL-2635: Bug fix

commit 138ac83f988097698aadf57e12c7e7854fb0e4db
Author: Harish G <Harish.G@xpo.com>
Date:   Thu Dec 7 19:34:26 2017 +0530

    XLMHL-2635: Bug fix

Api/Xpo.LastMile.AccountManagement.Backend.Api.Site/Controllers/v2/AccountV2Controller.cs
Api/Xpo.LastMile.AccountManagement.Backend.Api.Site/Web.config
Api/Xpo.LastMile.AccountManagement.Backend.Api.Site/Xpo.LastMile.AccountManagement.Backend.Api.Site.csproj

commit da722ed92b9443d610622e48f53aa209c6bf05a9
Merge: 6bff8a4 83017b2
Author: Agilesh Sivakumar <31959033+agileshsivakumar@users.noreply.github.com>
Date:   Thu Dec 7 19:29:10 2017 +0530

    Merge pull request #18 from xpologistics/git-ignore
    
    git ignore updated

commit 83017b22679cf4d08f8580263738ccd28ba7dedb
Author: Maria Francis <Maria.Francis@xpo.com>
Date:   Thu Dec 7 18:49:19 2017 +0530

    git ignore updated

ui/.gitignore

commit 6bff8a4118065ab1043b6c7a5b16c268077b6774
Merge: 7ddc1d0 9e3fb69
Author: Dinakaran Vasu <Dinakaran.Vasu@xpo.com>
Date:   Wed Dec 6 09:00:12 2017 -0500

    Merge pull request #16 from xpologistics/XLMHL2635
    
    XLMHL-2635: Bug fix for test case.

commit 9e3fb69ffb6bbc0ca441c5a61632a5f1f0f5089f
Author: Binu Babu <Binu.Babu@xpo.com>
Date:   Wed Dec 6 19:11:11 2017 +0530

    XLMHL-2635: Bug fix for test case.

Api/Xpo.LastMile.AccountManagement.Backend.Api.Tests/Controllers/v2/AccountV2ControllerTest.cs
Api/Xpo.LastMile.AccountManagement.Backend.Api.Tests/SqlExceptionHelper.cs
Api/Xpo.LastMile.AccountManagement.Backend.Api.Tests/Xpo.LastMile.AccountManagement.Backend.Api.Tests.csproj
Tms/Xpo.LastMile.AccountManagement.Tms.Tests/CommandHandlers/SampleTests.cs
Tms/Xpo.LastMile.AccountManagement.Tms.Tests/Validators/UpdateAccountCommandValidatorTests.cs
Tms/Xpo.LastMile.AccountManagement.Tms.Tests/Xpo.LastMile.AccountManagement.Tms.Tests.csproj

commit 7ddc1d041ca0e5ef73e50a95ec5df9b7b56eacc1
Merge: 1bff57f 465bac1
Author: Binu Babu <binu.babu@xpo.com>
Date:   Wed Dec 6 17:07:37 2017 +0530

    Merge pull request #15 from xpologistics/XLMHL2635
    
    XLMHL-2635: Modifying/adding account api's in version 2 with tenant i…

commit 465bac11d346053cc7ad4a2edea747bf133ee999
Author: Binu Babu <Binu.Babu@xpo.com>
Date:   Wed Dec 6 15:53:47 2017 +0530

    XLMHL-2635: Enabling permission.

Api/Xpo.LastMile.AccountManagement.Backend.Api.Site/Controllers/v2/AccountV2Controller.cs

commit a232843d96b55ac60033e71f2294cfaa0239ed22
Author: Binu Babu <Binu.Babu@xpo.com>
Date:   Wed Dec 6 14:25:44 2017 +0530

    XLMHL-2635: Modifying/adding account api's in version 2 with tenant id and adding test cases.

Api/Xpo.LastMile.AccountManagement.Backend.Api.Site/Controllers/v2/AccountV2Controller.cs
Api/Xpo.LastMile.AccountManagement.Backend.Api.Site/MessageResource.Designer.cs
Api/Xpo.LastMile.AccountManagement.Backend.Api.Site/MessageResource.resx
Api/Xpo.LastMile.AccountManagement.Backend.Api.Site/Xpo.LastMile.AccountManagement.Backend.Api.Site.csproj
Api/Xpo.LastMile.AccountManagement.Backend.Api.Tests/Controllers/v2/AccountV2ControllerTest.cs
Api/Xpo.LastMile.AccountManagement.Backend.Api.Tests/Xpo.LastMile.AccountManagement.Backend.Api.Tests.csproj
Api/Xpo.LastMile.AccountManagement.Backend.Api/Queries/v2/GetAccountQuery.cs
Api/Xpo.LastMile.AccountManagement.Backend.Api/Queries/v2/GetAccountsSearchQuery.cs
Api/Xpo.LastMile.AccountManagement.Backend.Api/Queries/v2/GetAllAccountsQuery.cs
Api/Xpo.LastMile.AccountManagement.Backend.Api/QueryHandlers/v2/GetAccountQueryHandler.cs
Api/Xpo.LastMile.AccountManagement.Backend.Api/QueryHandlers/v2/GetAccountsSearchQueryHandler.cs
Api/Xpo.LastMile.AccountManagement.Backend.Api/QueryHandlers/v2/GetAllAccountsQueryHandler.cs
Api/Xpo.LastMile.AccountManagement.Backend.Api/Xpo.LastMile.AccountManagement.Backend.Api.csproj
Shared/Xpo.LastMile.AccountManagement.Shared.Data/Repositories/v2/Accounts.cs
Shared/Xpo.LastMile.AccountManagement.Shared.Data/Repositories/v2/IAccounts.cs
Shared/Xpo.LastMile.AccountManagement.Shared.Data/StoredProcsV2.cs
Shared/Xpo.LastMile.AccountManagement.Shared.Models/Accounts.cs
Tms/Xpo.LastMile.AccountManagement.Tms/CommandHandlers/CreateAccountCommandHandler.cs
Tms/Xpo.LastMile.AccountManagement.Tms/CommandHandlers/UpdateAccountCommandHandler.cs
Tms/Xpo.LastMile.AccountManagement.Tms/Commands/CreateAccountCommand.cs
Tms/Xpo.LastMile.AccountManagement.Tms/Commands/UpdateAccountCommand.cs
Tms/Xpo.LastMile.AccountManagement.Tms/Validation/CreateAccountCommandValidator.cs
Tms/Xpo.LastMile.AccountManagement.Tms/Validation/UpdateAccountCommandValidator.cs

commit 1bff57ff887ab88a5f7fbd797f01672903fc0527
Merge: 4719f8f 35fb5aa
Author: Agilesh Sivakumar <31959033+agileshsivakumar@users.noreply.github.com>
Date:   Mon Dec 4 21:12:55 2017 +0530

    Merge pull request #14 from xpologistics/initial-commit
    
    Initial Commit of UI Code

commit 35fb5aa66cb2003a1510b2fb92f9c9350708279f
Author: Maria Francis <Maria.Francis@xpo.com>
Date:   Mon Dec 4 19:25:11 2017 +0530

    Initial Commit of UI Code

ui/.angular-cli.json
ui/.editorconfig
ui/.gitignore
ui/.npmrc
ui/AccountManagemetUi.nuspec
ui/README.md
ui/e2e/app.e2e-spec.ts
ui/e2e/app.po.ts
ui/e2e/tsconfig.e2e.json
ui/gulpfile.js
ui/karma.conf.js
ui/package-lock.json
ui/package.json
ui/protractor.conf.js
ui/src/app/account-management/account-management-routing.module.ts
ui/src/app/account-management/account-management.component.html
ui/src/app/account-management/account-management.component.scss
ui/src/app/account-management/account-management.component.ts
ui/src/app/account-management/account-management.module.ts
ui/src/app/account-management/all-accounts/all-accounts.component.html
ui/src/app/account-management/all-accounts/all-accounts.component.scss
ui/src/app/account-management/all-accounts/all-accounts.component.ts
ui/src/app/account-management/index.ts
ui/src/app/account-management/package.json
ui/src/app/account-management/shared/shared.module.ts
ui/src/app/account-management/web.config
ui/src/app/app.component.html
ui/src/app/app.component.scss
ui/src/app/app.component.spec.ts
ui/src/app/app.component.ts
ui/src/app/app.module.ts
ui/src/app/app.routes.ts
ui/src/assets/.gitkeep
ui/src/assets/appSettings.json
ui/src/assets/grid/styles/ag-grid.css
ui/src/assets/grid/styles/theme-blue.css
ui/src/assets/grid/styles/theme-bootstrap.css
ui/src/assets/grid/styles/theme-dark.css
ui/src/assets/grid/styles/theme-fresh.css
ui/src/assets/grid/styles/theme-material.css
ui/src/assets/img/RedWht.svg
ui/src/assets/img/Roboto_Font.gif
ui/src/assets/img/loading.gif
ui/src/assets/img/logo.svg
ui/src/assets/img/spacer.png
ui/src/assets/img/spinner.png
ui/src/assets/img/upload.svg
ui/src/assets/img/xpo.jpg
ui/src/assets/img/xpo_logo.png
ui/src/assets/lib/xpo-icons/XPOicon.svg
ui/src/assets/lib/xpo-icons/XPOicon.ttf
ui/src/assets/lib/xpo-icons/XPOicon.woff
ui/src/assets/lib/xpo-icons/_xpo-icon-styles.scss
ui/src/assets/lib/xpo-icons/_xpo-icon-vars.scss
ui/src/environments/environment.prod.ts
ui/src/environments/environment.ts
ui/src/favicon.ico
ui/src/index.html
ui/src/main.ts
ui/src/polyfills.ts
ui/src/styles.css
ui/src/test.ts
ui/src/tsconfig.json
ui/src/typings.d.ts
ui/src/web.config
ui/tslint.json
ui/web.config
ui/yarn.lock

commit 4719f8f4ef5f42cdccb3b78650d506ad49946d0b
Merge: 4be0308 3aa0edb
Author: Harish Gopinathan <Harish.G@xpo.com>
Date:   Thu Nov 30 14:55:03 2017 +0530

    Merge pull request #13 from xpologistics/XLMHL2635
    
    Changing Newtonsoft and Xpo security packages to latest version.

commit 3aa0edbc0ab54fa5cb87a57b88a7146cc602689f
Author: Binu Babu <Binu.Babu@xpo.com>
Date:   Thu Nov 30 14:00:08 2017 +0530

    Changing Newtonsoft and Xpo security packages to latest version.

Api/Xpo.LastMile.AccountManagement.Backend.Api.Site/App_Start/Startup.cs
Api/Xpo.LastMile.AccountManagement.Backend.Api.Site/Web.config
Api/Xpo.LastMile.AccountManagement.Backend.Api.Site/Xpo.LastMile.AccountManagement.Backend.Api.Site.csproj
Api/Xpo.LastMile.AccountManagement.Backend.Api.Site/packages.config
Api/Xpo.LastMile.AccountManagement.Backend.Api/Xpo.LastMile.AccountManagement.Backend.Api.csproj
Api/Xpo.LastMile.AccountManagement.Backend.Api/app.config
Api/Xpo.LastMile.AccountManagement.Backend.Api/packages.config
Shared/Xpo.LastMile.AccountManagement.Shared.Data/Xpo.LastMile.AccountManagement.Shared.Data.csproj
Shared/Xpo.LastMile.AccountManagement.Shared.Data/app.config
Shared/Xpo.LastMile.AccountManagement.Shared.Data/packages.config
Tms/Xpo.LastMile.AccountManagement.Tms.Tests/Xpo.LastMile.AccountManagement.Tms.Tests.csproj
Tms/Xpo.LastMile.AccountManagement.Tms.Tests/app.config
Tms/Xpo.LastMile.AccountManagement.Tms/Xpo.LastMile.AccountManagement.Tms.csproj
Tms/Xpo.LastMile.AccountManagement.Tms/app.config
Tms/Xpo.LastMile.AccountManagement.Tms/packages.config

commit 4be0308df7eaaf4b0e4108973aeb7337d7b7a54c
Merge: 33740e6 84cf673
Author: Dinakaran Vasu <Dinakaran.Vasu@xpo.com>
Date:   Wed Nov 29 13:22:44 2017 -0500

    Merge pull request #12 from xpologistics/XLMHL2635
    
    XLMHL-2636: Changing bad request to conflict response for cyclic accc…

commit 84cf67315a6076ccb1e13270b5a2305040ffecd2
Author: Binu Babu <Binu.Babu@xpo.com>
Date:   Wed Nov 29 21:17:25 2017 +0530

    XLMHL-2636: Changing bad request to conflict response for cyclic acccount hierarchy and maximum level validations as per Jon Proctor's suggestion.

Api/Xpo.LastMile.AccountManagement.Backend.Api.Site/Controllers/v2/AccountV2Controller.cs

commit 33740e6fd891f56b2466d324cc4cf9132b7515c2
Merge: 8c40848 155354a
Author: Vengadesh Rajamony <Vengadesh.Rajamony@xpo.com>
Date:   Wed Nov 29 18:07:48 2017 +0530

    Merge pull request #11 from xpologistics/XLMHL2635
    
    XLMHL-2636: Adding validation for postal code

commit 155354a9dab6abf6a8f75bc2b1328a6301fa87a7
Author: Binu Babu <Binu.Babu@xpo.com>
Date:   Wed Nov 29 16:24:18 2017 +0530

    XLMHL-2636: Adding validation for postal code

Tms/Xpo.LastMile.AccountManagement.Tms/Validation/UpdateAccountCommandValidator.cs

commit 8c40848425d4d5d27d7c36e8f1729eb331e0717c
Merge: 06b24f7 9156369
Author: Vengadesh Rajamony <Vengadesh.Rajamony@xpo.com>
Date:   Wed Nov 29 14:24:25 2017 +0530

    Merge pull request #10 from xpologistics/XLMHL2635
    
    Xlmhl2635

commit 91563690d9bd1c43039fb4d15ecbb54ed651e2a4
Author: Binu Babu <Binu.Babu@xpo.com>
Date:   Wed Nov 29 14:20:53 2017 +0530

    XLMHL-2636: Enabling security

Api/Xpo.LastMile.AccountManagement.Backend.Api.Site/Controllers/v2/AccountV2Controller.cs

commit b8f74aeb7831674b04df52da8780e7dfeef8010c
Author: Binu Babu <Binu.Babu@xpo.com>
Date:   Wed Nov 29 14:18:00 2017 +0530

    XLMHL-2636: Bug fix

Api/Xpo.LastMile.AccountManagement.Backend.Api.Site/Controllers/v2/AccountV2Controller.cs

commit 06b24f7e583630aa125b981e8e9ca80acb7f2090
Merge: c604474 36ab493
Author: Binu Babu <binu.babu@xpo.com>
Date:   Tue Nov 28 22:33:34 2017 +0530

    Merge pull request #9 from xpologistics/XLMHL2635
    
    XLMHL-2636: Bug fix

commit 36ab493db50643e96a77891fa7ca0afbbaaba49b
Author: Binu Babu <Binu.Babu@xpo.com>
Date:   Tue Nov 28 21:17:33 2017 +0530

    XLMHL-2636: Bug fix

Api/Xpo.LastMile.AccountManagement.Backend.Api.Site/Controllers/v2/AccountV2Controller.cs
Tms/Xpo.LastMile.AccountManagement.Tms.Tests/CommandHandlers/EnableDisableAccountCommanHandlerTests.cs
Tms/Xpo.LastMile.AccountManagement.Tms.Tests/Validators/UpdateAccountCommandValidatorTests.cs
Tms/Xpo.LastMile.AccountManagement.Tms.Tests/Xpo.LastMile.AccountManagement.Tms.Tests.csproj
Tms/Xpo.LastMile.AccountManagement.Tms.Tests/packages.config

commit c60447475259924b45338ef6bf9b4367ddc2aa57
Merge: bb70d5f 01aa392
Author: Vengadesh Rajamony <Vengadesh.Rajamony@xpo.com>
Date:   Tue Nov 28 20:18:36 2017 +0530

    Merge pull request #8 from xpologistics/XLMHL2635
    
    Xlmhl2635

commit 01aa39268d3ec6e676b5a731093d0fbfff77e30d
Author: Binu Babu <Binu.Babu@xpo.com>
Date:   Tue Nov 28 19:00:35 2017 +0530

    XLMHL-2636: Bug fix for phone number validation.

Tms/Xpo.LastMile.AccountManagement.Tms/CommonValidations.cs

commit 8917e0557366ed08e4a73113ef9bdf1252356997
Author: Binu Babu <Binu.Babu@xpo.com>
Date:   Tue Nov 28 17:44:23 2017 +0530

    XLMHL-2636:Bug fix for account cyclic hierarchy

Api/Xpo.LastMile.AccountManagement.Backend.Api.Site/Controllers/v2/AccountV2Controller.cs

commit c51724e410e40e7ba1b65affec46ed05b8137fe5
Author: Binu Babu <Binu.Babu@xpo.com>
Date:   Tue Nov 28 16:51:31 2017 +0530

    XLMHL-2636: Adding security attribute to action method

Api/Xpo.LastMile.AccountManagement.Backend.Api.Site/Controllers/v2/AccountV2Controller.cs

commit 1953411e0efeff6cf654048650d87c39660b0cd7
Merge: 3556a08 ac5ac17
Author: Binu Babu <Binu.Babu@xpo.com>
Date:   Tue Nov 28 14:24:18 2017 +0530

    Merge remote-tracking branch 'origin/Secitity-XLMHL-2637' into XLMHL2635

commit ac5ac17476c97edca5cf453fb75f4dcd56f3db34
Author: Harish G <Harish.G@xpo.com>
Date:   Tue Nov 28 11:50:20 2017 +0530

    Security config

Api/Xpo.LastMile.AccountManagement.Backend.Api.Site/Xpo.LastMile.AccountManagement.Backend.Api.Site.csproj
Api/Xpo.LastMile.AccountManagement.Backend.Api.Site/packages.config

commit bb70d5fa06817b25d20cc1094cf3e09d8fdb6077
Merge: b46d430 3556a08
Author: Vengadesh Rajamony <Vengadesh.Rajamony@xpo.com>
Date:   Tue Nov 28 11:43:41 2017 +0530

    Merge pull request #7 from xpologistics/XLMHL2635
    
    Xlmhl2635

commit 626e9fe783b2365be615431304baf1009bf9e1c0
Author: Harish G <Harish.G@xpo.com>
Date:   Mon Nov 27 20:40:44 2017 +0530

    Security check

Api/Xpo.LastMile.AccountManagement.Backend.Api.Site/App_Start/Startup.cs
Api/Xpo.LastMile.AccountManagement.Backend.Api.Site/Controllers/v2/AccountV2Controller.cs
Api/Xpo.LastMile.AccountManagement.Backend.Api.Site/Web.config
Api/Xpo.LastMile.AccountManagement.Backend.Api.Site/Xpo.LastMile.AccountManagement.Backend.Api.Site.csproj
Api/Xpo.LastMile.AccountManagement.Backend.Api.Site/packages.config

commit 3556a082ef1b06fba801548d9fdf963818fa284f
Merge: 86e5e59 b46d430
Author: Binu Babu <Binu.Babu@xpo.com>
Date:   Mon Nov 27 19:21:13 2017 +0530

    Merging with develop for xlmhl-2623 conflicts

commit b46d43080f52942e2082a647b58106aae46b606a
Merge: c1d1ff9 a2e1fad
Author: Binu Babu <binu.babu@xpo.com>
Date:   Mon Nov 27 19:05:37 2017 +0530

    Merge pull request #6 from xpologistics/XLMHL-2635
    
    Xlmhl 2635

commit 86e5e59e1323fbe4e8b7badcfdaf2c12acad8124
Author: Binu Babu <Binu.Babu@xpo.com>
Date:   Mon Nov 27 17:27:09 2017 +0530

    XLMHL-2636: Udate api modifications for validationg  bad requests iwth account ids.

Api/Xpo.LastMile.AccountManagement.Backend.Api.Site/Controllers/v2/AccountV2Controller.cs
Api/Xpo.LastMile.AccountManagement.Backend.Api.Site/MessageResource.Designer.cs
Api/Xpo.LastMile.AccountManagement.Backend.Api.Site/MessageResource.resx
Shared/Xpo.LastMile.AccountManagement.Shared.Data/Repositories/v2/Accounts.cs
Tms/Xpo.LastMile.AccountManagement.Tms/CommonValidations.cs
Tms/Xpo.LastMile.AccountManagement.Tms/Validation/UpdateAccountCommandValidator.cs
Tms/Xpo.LastMile.AccountManagement.Tms/ValidationMessages.Designer.cs
Tms/Xpo.LastMile.AccountManagement.Tms/ValidationMessages.resx
Tms/Xpo.LastMile.AccountManagement.Tms/Xpo.LastMile.AccountManagement.Tms.csproj

commit a2e1fad74a5fba38a3378381132ca2081c6ccbf1
Author: Binu Babu <Binu.Babu@xpo.com>
Date:   Mon Nov 27 10:59:09 2017 +0530

    XLMHL-2636: Adding test cases.

Tms/Xpo.LastMile.AccountManagement.Tms.Tests/CommandHandlers/EnableDisableAccountCommanHandlerTests.cs
Tms/Xpo.LastMile.AccountManagement.Tms.Tests/CommandHandlers/UpdateAccountCommandHandlerTests.cs
Tms/Xpo.LastMile.AccountManagement.Tms.Tests/Validators/EnableDisableAccountCommandValidatorTests.cs
Tms/Xpo.LastMile.AccountManagement.Tms.Tests/Validators/UpdateAccountCommandValidatorTests.cs
Tms/Xpo.LastMile.AccountManagement.Tms.Tests/Xpo.LastMile.AccountManagement.Tms.Tests.csproj
Tms/Xpo.LastMile.AccountManagement.Tms.Tests/packages.config

commit d5a347948072485dccd50de02b36823f3ab75ea5
Author: SanthoshPoduval <Santhosh.VV@xpo.com>
Date:   Sun Nov 26 18:38:34 2017 -0600

    XLMHL - 2636 : Added validation for update account method

Tms/Xpo.LastMile.AccountManagement.Tms/Validation/UpdateAccountCommandValidator.cs

commit 11a90c387bffeda53e8f9d1f3e30c9ae8d291cea
Author: SanthoshPoduval <Santhosh.VV@xpo.com>
Date:   Sun Nov 26 18:21:33 2017 -0600

    XLMHL -2635 :Added validations for create account method

Api/Xpo.LastMile.AccountManagement.Backend.Api.Site/Controllers/v2/AccountV2Controller.cs
Tms/Xpo.LastMile.AccountManagement.Tms/Validation/CreateAccountCommandValidator.cs
Tms/Xpo.LastMile.AccountManagement.Tms/ValidationMessages.Designer.cs
Tms/Xpo.LastMile.AccountManagement.Tms/ValidationMessages.resx
Tms/Xpo.LastMile.AccountManagement.Tms/Xpo.LastMile.AccountManagement.Tms.csproj

commit 99cea2ae38669289634ba24df8c203df298c3132
Author: SanthoshPoduval <Santhosh.VV@xpo.com>
Date:   Sun Nov 26 14:53:25 2017 -0600

    XLMHL -2635 :Added validations to avoid cyclic heirarchy

Api/Xpo.LastMile.AccountManagement.Backend.Api.Site/Controllers/v2/AccountV2Controller.cs

commit 939790be02f46dbd5898770302d3bd26525f1fc0
Author: Binu Babu <Binu.Babu@xpo.com>
Date:   Sun Nov 26 13:54:01 2017 +0530

    XLMHL-2636: Modifying validations for update account.

Api/Xpo.LastMile.AccountManagement.Backend.Api.Site/Controllers/v2/AccountV2Controller.cs
Tms/Xpo.LastMile.AccountManagement.Tms/Validation/UpdateAccountCommandValidator.cs
Tms/Xpo.LastMile.AccountManagement.Tms/ValidationResource.Designer.cs
Tms/Xpo.LastMile.AccountManagement.Tms/ValidationResource.resx

commit 6a8a901fd5eb6b69cbcc5eed7879512db2c952f3
Author: SanthoshPoduval <Santhosh.VV@xpo.com>
Date:   Sat Nov 25 13:11:17 2017 -0600

    XLMHL-2636 : Removed the code for updating the status on account update

Api/Xpo.LastMile.AccountManagement.Backend.Api.Site/Controllers/v2/AccountV2Controller.cs

commit 13739929c8a5ba72752d93910f2ffb145b6655ba
Author: SanthoshPoduval <Santhosh.VV@xpo.com>
Date:   Fri Nov 24 23:04:41 2017 -0600

    XLMHL -2636 :Update the current version to account model

Api/Xpo.LastMile.AccountManagement.Backend.Api.Site/Controllers/v2/AccountV2Controller.cs

commit 8bc3319d87d9f0aa5bb63d517e7c3c398f4886bb
Author: SanthoshPoduval <Santhosh.VV@xpo.com>
Date:   Fri Nov 24 20:38:31 2017 -0600

    XLMHL - 2636 : Update the account method

Api/Xpo.LastMile.AccountManagement.Backend.Api.Site/App_Start/AutoMapperConfig.cs
Api/Xpo.LastMile.AccountManagement.Backend.Api.Site/Controllers/v2/AccountV2Controller.cs
Tms/Xpo.LastMile.AccountManagement.Tms/Commands/UpdateAccountCommand.cs

commit 68cd605e6af8b7003ff30ed84a95f276116d4cb4
Author: SanthoshPoduval <Santhosh.VV@xpo.com>
Date:   Fri Nov 24 18:45:15 2017 -0600

    XLMHL - 2635 : Completed end point for Create and Get Account list

Api/Xpo.LastMile.AccountManagement.Backend.Api.Site/Controllers/v2/AccountV2Controller.cs
Api/Xpo.LastMile.AccountManagement.Backend.Api.Site/GenericTreeStructure.cs
Api/Xpo.LastMile.AccountManagement.Backend.Api.Site/Xpo.LastMile.AccountManagement.Backend.Api.Site.csproj
Shared/Xpo.LastMile.AccountManagement.Shared.Data/Repositories/v2/Accounts.cs

commit c983d2750cac0b6883ec08e7efe614ae5f19829b
Author: Binu Babu <Binu.Babu@xpo.com>
Date:   Fri Nov 24 19:23:53 2017 +0530

    XLMHL-2636: Adding validation for account update.

Api/Xpo.LastMile.AccountManagement.Backend.Api.Site/App_Start/AutoMapperConfig.cs
Api/Xpo.LastMile.AccountManagement.Backend.Api.Site/Controllers/v2/AccountV2Controller.cs
Api/Xpo.LastMile.AccountManagement.Backend.Api.Site/MessageResource.resx
Tms/Xpo.LastMile.AccountManagement.Tms/Validation/UpdateAccountCommandValidator.cs
Tms/Xpo.LastMile.AccountManagement.Tms/ValidationResource.Designer.cs
Tms/Xpo.LastMile.AccountManagement.Tms/ValidationResource.resx
Tms/Xpo.LastMile.AccountManagement.Tms/Xpo.LastMile.AccountManagement.Tms.csproj

commit c1d1ff905c9170623ba2525c24933b965da53762
Merge: bc29932 cfe9d6e
Author: Vengadesh Rajamony <Vengadesh.Rajamony@xpo.com>
Date:   Fri Nov 24 15:28:07 2017 +0530

    Merge pull request #5 from xpologistics/XLMHL-2635
    
    Xlmhl 2635

commit cfe9d6e0b136114f022cc4a8f239b5048313a528
Author: Binu Babu <Binu.Babu@xpo.com>
Date:   Fri Nov 24 14:12:37 2017 +0530

    XLMHL-2637: Review changes.

Api/Xpo.LastMile.AccountManagement.Backend.Api.Site/Controllers/v2/AccountV2Controller.cs

commit 4b7f5652285d22f6874855a6711ad597d9a55815
Author: Binu Babu <Binu.Babu@xpo.com>
Date:   Fri Nov 24 12:53:35 2017 +0530

    XLMHL-2637: Review changes.

Api/Xpo.LastMile.AccountManagement.Backend.Api.Site/Controllers/v2/AccountV2Controller.cs

commit 26ec0789c1645d2bdfd0daf1272ab3723c24a246
Author: Binu Babu <Binu.Babu@xpo.com>
Date:   Fri Nov 24 12:23:53 2017 +0530

    build error fix in Authorizer

Api/Xpo.LastMile.AccountManagement.Backend.Api.Site/AccessControl/Authorizer.cs

commit 73d74823a82477184c2943b5592e6511cc7a9133
Author: Binu Babu <Binu.Babu@xpo.com>
Date:   Fri Nov 24 12:15:44 2017 +0530

    XLMHL-2637: commenting the permission check.

Api/Xpo.LastMile.AccountManagement.Backend.Api.Site/Controllers/v2/AccountV2Controller.cs

commit ace22b664bcd10ba32601e9992e551c1f5a80056
Author: Binu Babu <Binu.Babu@xpo.com>
Date:   Fri Nov 24 11:30:14 2017 +0530

    XLMHL-2637: Adding hierarchy disable for accounts.

Api/Xpo.LastMile.AccountManagement.Backend.Api.Site/Controllers/v2/AccountV2Controller.cs
Api/Xpo.LastMile.AccountManagement.Backend.Api.Site/MessageResource.resx
Api/Xpo.LastMile.AccountManagement.Backend.Api.Site/Xpo.LastMile.AccountManagement.Backend.Api.Site.csproj
Api/Xpo.LastMile.AccountManagement.Backend.Api.Site/packages.config
Shared/Xpo.LastMile.AccountManagement.Shared.Data/Repositories/v2/Accounts.cs
Shared/Xpo.LastMile.AccountManagement.Shared.Data/Repositories/v2/IAccounts.cs
Tms/Xpo.LastMile.AccountManagement.Tms/Commands/EnableDisableCommand.cs

commit bc299329f868447c7604a973c5b79b0d7f6040b5
Author: Abhinand Jinugu <abhinand@outlook.com>
Date:   Fri Nov 24 00:57:25 2017 -0500

    Adding @agileshsivakumar as CODEOWNER

.github/CODEOWNERS

commit da593b71ffa72c489b54683d0acedbe82af63e47
Author: Binu Babu <Binu.Babu@xpo.com>
Date:   Wed Nov 22 21:55:38 2017 +0530

    XLMHL-2637: Adding validation rules for enable disable accounts.

Api/Xpo.LastMile.AccountManagement.Backend.Api.Site/Models/EnableAccounts.cs
Tms/Xpo.LastMile.AccountManagement.Tms/CommandHandlers/EnableDisableAccountCommanHandler.cs
Tms/Xpo.LastMile.AccountManagement.Tms/Commands/EnableDisableCommand.cs
Tms/Xpo.LastMile.AccountManagement.Tms/Validation/EnableDisableAccountCommandValidator.cs

commit 2b5d2cfcc0e1f58984792508bcfe2597838df382
Author: Abhinand Jinugu <abhinand@outlook.com>
Date:   Wed Nov 22 11:25:37 2017 -0500

    Adding @Nishad-XPO as CODEOWNER

.github/CODEOWNERS

commit d681ee6c374be414123036bbd8225cbdf340434e
Author: Binu Babu <Binu.Babu@xpo.com>
Date:   Wed Nov 22 13:59:13 2017 +0530

    XLMHL-2635: DB passwrd change and route modification for update.

Api/Xpo.LastMile.AccountManagement.Backend.Api.Site/Controllers/v2/AccountV2Controller.cs
Api/Xpo.LastMile.AccountManagement.Backend.Api.Site/Web.config

commit 88fc0f2c8723efd9aefa32a50aae50ef92e9fddf
Author: SanthoshPoduval <Santhosh.VV@xpo.com>
Date:   Mon Nov 20 21:01:00 2017 -0600

    XLMHL-2635,2636,2637 - Update the account,enable and disable the account

Api/Xpo.LastMile.AccountManagement.Backend.Api.Site/App_Start/AutoMapperConfig.cs
Api/Xpo.LastMile.AccountManagement.Backend.Api.Site/CommonMethods.cs
Api/Xpo.LastMile.AccountManagement.Backend.Api.Site/Controllers/v2/AccountV2Controller.cs
Api/Xpo.LastMile.AccountManagement.Backend.Api.Site/ExceptionConstants.cs
Api/Xpo.LastMile.AccountManagement.Backend.Api.Site/MessageResource.Designer.cs
Api/Xpo.LastMile.AccountManagement.Backend.Api.Site/MessageResource.resx
Api/Xpo.LastMile.AccountManagement.Backend.Api.Site/Models/Accounts.cs
Api/Xpo.LastMile.AccountManagement.Backend.Api.Site/Models/EnableAccounts.cs
Api/Xpo.LastMile.AccountManagement.Backend.Api.Site/Xpo.LastMile.AccountManagement.Backend.Api.Site.csproj
Shared/Xpo.LastMile.AccountManagement.Shared.Data/Repositories/v2/Accounts.cs
Shared/Xpo.LastMile.AccountManagement.Shared.Data/Repositories/v2/IAccounts.cs
Shared/Xpo.LastMile.AccountManagement.Shared.Data/StoredProcsV2.cs
Shared/Xpo.LastMile.AccountManagement.Shared.Models/Accounts.cs
Tms/Xpo.LastMile.AccountManagement.Tms/CommandHandlers/EnableDisableAccountCommanHandler.cs
Tms/Xpo.LastMile.AccountManagement.Tms/CommandHandlers/UpdateAccountCommandHandler.cs
Tms/Xpo.LastMile.AccountManagement.Tms/Commands/EnableDisableCommand.cs
Tms/Xpo.LastMile.AccountManagement.Tms/Commands/UpdateAccountCommand.cs
Tms/Xpo.LastMile.AccountManagement.Tms/Validation/CreateAccountCommandValidator.cs
Tms/Xpo.LastMile.AccountManagement.Tms/Validation/CreateUserCommandValidator.cs
Tms/Xpo.LastMile.AccountManagement.Tms/Validation/EnableDisableAccountCommandValidator.cs
Tms/Xpo.LastMile.AccountManagement.Tms/Validation/UpdateAccountCommandValidator.cs
Tms/Xpo.LastMile.AccountManagement.Tms/Xpo.LastMile.AccountManagement.Tms.csproj

commit fe2f63075e29d15b2e77abfdbf6961a12f8ed3a3
Author: SanthoshPoduval <Santhosh.VV@xpo.com>
Date:   Sun Nov 19 23:42:58 2017 -0600

    XLMHL -2635 : Account management CRUD for create and get

Api/Xpo.LastMile.AccountManagement.Backend.Api.Site/App_Start/AutoMapperConfig.cs
Api/Xpo.LastMile.AccountManagement.Backend.Api.Site/Controllers/v2/AccountV2Controller.cs
Api/Xpo.LastMile.AccountManagement.Backend.Api.Site/ExceptionConstants.cs
Api/Xpo.LastMile.AccountManagement.Backend.Api.Site/Models/Accounts.cs
Api/Xpo.LastMile.AccountManagement.Backend.Api.Site/Web.config
Api/Xpo.LastMile.AccountManagement.Backend.Api.Site/Xpo.LastMile.AccountManagement.Backend.Api.Site.csproj
Api/Xpo.LastMile.AccountManagement.Backend.Api/ApiKernelExtensions.cs
Api/Xpo.LastMile.AccountManagement.Backend.Api/Queries/v2/GetAccountQuery.cs
Api/Xpo.LastMile.AccountManagement.Backend.Api/Queries/v2/GetAllAccountsQuery.cs
Api/Xpo.LastMile.AccountManagement.Backend.Api/QueryHandlers/v2/GetAccountQueryHandler.cs
Api/Xpo.LastMile.AccountManagement.Backend.Api/QueryHandlers/v2/GetAllAccountsQueryHandler.cs
Api/Xpo.LastMile.AccountManagement.Backend.Api/Xpo.LastMile.AccountManagement.Backend.Api.csproj
Shared/Xpo.LastMile.AccountManagement.Shared.Data/DbExecutorFactory.cs
Shared/Xpo.LastMile.AccountManagement.Shared.Data/IDbExecutorFactory.cs
Shared/Xpo.LastMile.AccountManagement.Shared.Data/Repositories/Accounts.cs
Shared/Xpo.LastMile.AccountManagement.Shared.Data/Repositories/v2/Accounts.cs
Shared/Xpo.LastMile.AccountManagement.Shared.Data/Repositories/v2/IAccounts.cs
Shared/Xpo.LastMile.AccountManagement.Shared.Data/StoredProcsV2.cs
Shared/Xpo.LastMile.AccountManagement.Shared.Data/Xpo.LastMile.AccountManagement.Shared.Data.csproj
Shared/Xpo.LastMile.AccountManagement.Shared.Models/Accounts.cs
Tms/Xpo.LastMile.AccountManagement.Tms/CommandHandlers/CreateAccountCommandHandler.cs
Tms/Xpo.LastMile.AccountManagement.Tms/Commands/CreateAccountCommand.cs
Tms/Xpo.LastMile.AccountManagement.Tms/TmsKernelExtensions.cs
Tms/Xpo.LastMile.AccountManagement.Tms/Validation/CreateUserCommandValidator.cs
Tms/Xpo.LastMile.AccountManagement.Tms/Xpo.LastMile.AccountManagement.Tms.csproj
Tms/Xpo.LastMile.AccountManagement.Tms/packages.config

commit 982dee6504e24107b7acb6f17ac7753fd239121e
Author: Abhinand Jinugu <abhinand@outlook.com>
Date:   Wed Nov 15 14:22:09 2017 -0500

    DUMMY CHECKIN PL IGNORE
    
    DUMMY CHECKIN PL IGNORE

Api/Xpo.LastMile.AccountManagement.Backend.Api.Site/Web.DEV.config

commit 4799aad6eb96b07060941feb70ecc691cde95a16
Author: Abhinand Jinugu <abhinand@outlook.com>
Date:   Wed Oct 18 23:47:08 2017 -0400

    Adding CODEOWNERS

.github/CODEOWNERS

commit 93e9c9894044721c8edf660554b11e2e36022f1e
Merge: 8e846d4 1018199
Author: Dinakaran Vasu <Dinakaran.Vasu@xpo.com>
Date:   Mon Oct 16 13:41:28 2017 -0400

    Merge pull request #4 from xpologistics/XLMHL-794
    
    XLMHL-794: Connection string changed in web.dev.config

commit 10181999f6ec7e9873bf7828f088f339d5c152b6
Author: aaromal.girish <aaromal.girish@TVMATP084936L>
Date:   Mon Oct 16 22:57:05 2017 +0530

    XLMHL-794: Connection string changed in web.dev.config

Api/Xpo.LastMile.AccountManagement.Backend.Api.Site/Web.DEV.config

commit 8e846d4258ac3f691224e8a918dfeb74f200778e
Merge: f53156a fa0ff38
Author: Vengadesh Rajamony <Vengadesh.Rajamony@xpo.com>
Date:   Mon Oct 16 17:25:17 2017 +0530

    Merge pull request #3 from xpologistics/XLMHL-794
    
    XLMHL-795 : Recommended web.config change

commit fa0ff38196970948569f1cc6188a98b95f32fda6
Author: vengadesh.rajamony <vengadesh.rajamony@TVMATP333526D>
Date:   Mon Oct 16 17:16:00 2017 +0530

    XLMHL-795 : Recommended web.config change

Api/Xpo.LastMile.AccountManagement.Backend.Api.Site/Web.config

commit f53156ad9a7b919474c91b81d35ebce95a145434
Merge: 7d54f11 8fc4f5d
Author: Aaromal Girish <Aaromal.Girish@xpo.com>
Date:   Sun Oct 15 22:14:24 2017 +0530

    Merge pull request #2 from xpologistics/XLMHL-794
    
    Xlmhl 794 and Xlmhl 795 - AccountManagement API for listing all accounts and single account

commit 8fc4f5dad6fbd8f86c99ffc2e4adfb874f887647
Merge: 9e030fa 7d54f11
Author: Aaromal Girish <Aaromal.Girish@xpo.com>
Date:   Sun Oct 15 17:39:45 2017 +0530

    Merge branch 'develop' into XLMHL-794

commit 7d54f118407495ae7ae703f5133da784bb436d77
Author: Abhinand Jinugu <abhinand@outlook.com>
Date:   Sun Oct 15 00:11:10 2017 -0400

    Added octopack

.nuget/nuget.config
Api/Xpo.LastMile.AccountManagement.Backend.Api.Site/Web.config
Api/Xpo.LastMile.AccountManagement.Backend.Api.Site/Xpo.LastMile.AccountManagement.Backend.Api.Site.csproj
Api/Xpo.LastMile.AccountManagement.Backend.Api.Site/packages.config

commit 9e030faa34b650bfdb11f67310f60f3e89f0c56f
Author: aaromal.girish <aaromal.girish@TVMATP084936L>
Date:   Sun Oct 15 01:02:57 2017 +0530

    XLMHL-794:removedd sample implementations and made currentversion nullable.

Api/Xpo.LastMile.AccountManagement.Backend.Api.Site/App_Start/AutoMapperConfig.cs
Api/Xpo.LastMile.AccountManagement.Backend.Api.Site/Controllers/ValuesController.cs
Api/Xpo.LastMile.AccountManagement.Backend.Api.Site/Controllers/v1/AccountController.cs
Api/Xpo.LastMile.AccountManagement.Backend.Api.Site/Models/Accounts.cs
Api/Xpo.LastMile.AccountManagement.Backend.Api.Site/Xpo.LastMile.AccountManagement.Backend.Api.Site.csproj
Shared/Xpo.LastMile.AccountManagement.Shared.Models/Accounts.cs
Shared/Xpo.LastMile.AccountManagement.Shared.Models/ExampleModel.cs
Shared/Xpo.LastMile.AccountManagement.Shared.Models/Xpo.LastMile.AccountManagement.Shared.Models.csproj
Tms/Xpo.LastMile.AccountManagement.Tms.Tests/Xpo.LastMile.AccountManagement.Tms.Tests.csproj
Tms/Xpo.LastMile.AccountManagement.Tms/CommandHandlers/CreateValuesCommandHandler.cs
Tms/Xpo.LastMile.AccountManagement.Tms/Commands/CreateValuesCommand.cs
Tms/Xpo.LastMile.AccountManagement.Tms/Validation/CreateValuesCommandValidator.cs
Tms/Xpo.LastMile.AccountManagement.Tms/Xpo.LastMile.AccountManagement.Tms.csproj

commit ffb29e0a57bc41ab332fddc1a795d11b8c81c381
Author: aaromal.girish <aaromal.girish@TVMATP084936L>
Date:   Sat Oct 14 19:42:43 2017 +0530

    XLMHL-794: Added latest template test descriptions

Api/Xpo.LastMile.AccountManagement.Backend.Api.Tests/Controllers/v1/AccountControllerTests.cs
Api/Xpo.LastMile.AccountManagement.Backend.Api.Tests/QueryHandlers/GetAccountQueryHandlerTests.cs
Api/Xpo.LastMile.AccountManagement.Backend.Api.Tests/QueryHandlers/GetAllAccountsQueryHandlerTests.cs

commit 700e13466582e41ed0916851221d7e69d06ad5ae
Merge: 85c7029 856d26c
Author: Dinakaran Vasu <Dinakaran.Vasu@xpo.com>
Date:   Fri Oct 13 18:21:51 2017 -0400

    Merge pull request #1 from xpologistics/FirstCut
    
    Added the initial files for Account Management

commit eb24d5354420c89aa08deaafa86146c51282a1dc
Author: Inica S. <inica.s@xpo.com>
Date:   Fri Oct 13 15:49:47 2017 +0530

    XLMHL-794 : Update on Account model for including additional fields and datatype change for XLMHL-794 and 795

Api/Xpo.LastMile.AccountManagement.Backend.Api.Site/Controllers/v1/AccountController.cs
Api/Xpo.LastMile.AccountManagement.Backend.Api.Site/Models/Accounts.cs
Api/Xpo.LastMile.AccountManagement.Backend.Api.Tests/QueryHandlers/GetAccountQueryHandlerTests.cs
Api/Xpo.LastMile.AccountManagement.Backend.Api.Tests/QueryHandlers/GetAllAccountsQueryHandlerTests.cs
Shared/Xpo.LastMile.AccountManagement.Shared.Data/Repositories/Accounts.cs
Shared/Xpo.LastMile.AccountManagement.Shared.Models/Accounts.cs

commit 3fbd4993c97b9e9dc77b2887939c1b7e780b3108
Author: Inica S. <inica.s@xpo.com>
Date:   Fri Oct 13 14:25:36 2017 +0530

    XLMHL-794 : Code changes based on Code Analyzer output and removed sampleTest file in QueryHandler.

Api/Xpo.LastMile.AccountManagement.Backend.Api.Site/Controllers/v1/AccountController.cs
Api/Xpo.LastMile.AccountManagement.Backend.Api.Tests/Controllers/v1/AccountControllerTests.cs
Api/Xpo.LastMile.AccountManagement.Backend.Api.Tests/QueryHandlers/SampleTests.cs
Api/Xpo.LastMile.AccountManagement.Backend.Api.Tests/Xpo.LastMile.AccountManagement.Backend.Api.Tests.csproj
Api/Xpo.LastMile.AccountManagement.Backend.Api/ApiKernelExtensions.cs
Api/Xpo.LastMile.AccountManagement.Backend.Api/QueryHandlers/GetAccountQueryHandler.cs
Api/Xpo.LastMile.AccountManagement.Backend.Api/QueryHandlers/GetAllAccountsQueryHandler.cs
Shared/Xpo.LastMile.AccountManagement.Shared.Data/Repositories/IAccounts.cs

commit 7cec4c180eec43aea47bdba611c8754d0c1111be
Author: Inica S. <inica.s@xpo.com>
Date:   Thu Oct 12 18:53:58 2017 +0530

    XLMHL-794 : Added test cases for XLMHL-794 and XLMHL-795

Api/Xpo.LastMile.AccountManagement.Backend.Api.Site/Controllers/v1/AccountController.cs
Api/Xpo.LastMile.AccountManagement.Backend.Api.Site/Models/Accounts.cs
Api/Xpo.LastMile.AccountManagement.Backend.Api.Tests/Controllers/v1/AccountControllerTests.cs
Api/Xpo.LastMile.AccountManagement.Backend.Api.Tests/QueryHandlers/GetAccountQueryHandlerTests.cs
Api/Xpo.LastMile.AccountManagement.Backend.Api.Tests/QueryHandlers/GetAllAccountsQueryHandlerTests.cs
Api/Xpo.LastMile.AccountManagement.Backend.Api.Tests/Xpo.LastMile.AccountManagement.Backend.Api.Tests.csproj
Api/Xpo.LastMile.AccountManagement.Backend.Api.Tests/app.config
Api/Xpo.LastMile.AccountManagement.Backend.Api.Tests/packages.config
Shared/Xpo.LastMile.AccountManagement.Shared.Data/StoredProcs.generated.cs
Shared/Xpo.LastMile.AccountManagement.Shared.Models/Accounts.cs

commit eab31b5256586b598009c69647be7f1e51af604b
Author: Inica S. <inica.s@xpo.com>
Date:   Wed Oct 11 15:54:24 2017 +0530

    XLMHL-794 : Added reference for nuget package

Api/Xpo.LastMile.AccountManagement.Backend.Api.Site/Xpo.LastMile.AccountManagement.Backend.Api.Site.csproj

commit 26909a76c694f0d499012560bcfab7e4e84442f1
Author: Inica S. <inica.s@xpo.com>
Date:   Wed Oct 11 14:37:47 2017 +0530

    XLMHL-795 : Changed the logger message for finding account by Id api

Api/Xpo.LastMile.AccountManagement.Backend.Api.Site/Controllers/v1/AccountController.cs

commit e6c0eec508647dac9e3ca34efdde63dc957f9d03
Author: Inica S. <inica.s@xpo.com>
Date:   Wed Oct 11 13:21:24 2017 +0530

    XLMHL-794 : Added files and code changes for API to list all accounts

Api/Xpo.LastMile.AccountManagement.Backend.Api.Site/Controllers/v1/AccountController.cs
Api/Xpo.LastMile.AccountManagement.Backend.Api.Site/Models/Accounts.cs
Api/Xpo.LastMile.AccountManagement.Backend.Api/Queries/GetAllAccountsQuery.cs
Api/Xpo.LastMile.AccountManagement.Backend.Api/QueryHandlers/GetAllAccountsQueryHandler.cs
Api/Xpo.LastMile.AccountManagement.Backend.Api/Xpo.LastMile.AccountManagement.Backend.Api.csproj
Shared/Xpo.LastMile.AccountManagement.Shared.Data/Repositories/Accounts.cs
Shared/Xpo.LastMile.AccountManagement.Shared.Data/Repositories/IAccounts.cs
Shared/Xpo.LastMile.AccountManagement.Shared.Data/StoredProcs.generated.cs
Shared/Xpo.LastMile.AccountManagement.Shared.Models/Accounts.cs

commit e713ec9681e82b469fea78365c3d31e7b071fc10
Author: Inica S. <inica.s@xpo.com>
Date:   Tue Oct 10 15:44:34 2017 +0530

    XLMHL-795 : Added missing nuget packages in config file.

Api/Xpo.LastMile.AccountManagement.Backend.Api.Site/packages.config

commit 8ae80923f7577c37df7500c23a1e56f9d7797ade
Author: Inica S. <inica.s@xpo.com>
Date:   Tue Oct 10 15:00:02 2017 +0530

    XLMHL-795 : Added missing references in csproj for retrieving single account

Api/Xpo.LastMile.AccountManagement.Backend.Api.Site/Xpo.LastMile.AccountManagement.Backend.Api.Site.csproj
Api/Xpo.LastMile.AccountManagement.Backend.Api/Xpo.LastMile.AccountManagement.Backend.Api.csproj
Shared/Xpo.LastMile.AccountManagement.Shared.Data/Xpo.LastMile.AccountManagement.Shared.Data.csproj
Shared/Xpo.LastMile.AccountManagement.Shared.Models/Xpo.LastMile.AccountManagement.Shared.Models.csproj

commit 43c11f7ecc3106a88990440e0fc0b21927c2a1cb
Author: vengadesh.rajamony <vengadesh.rajamony@TVMATP333526D>
Date:   Tue Oct 10 12:16:15 2017 +0530

    XLMHL-795 created classes and controller

Api/Xpo.LastMile.AccountManagement.Backend.Api.Site/App_Start/ApiNinjectModule.cs
Api/Xpo.LastMile.AccountManagement.Backend.Api.Site/App_Start/AutoMapperConfig.cs
Api/Xpo.LastMile.AccountManagement.Backend.Api.Site/App_Start/Startup.cs
Api/Xpo.LastMile.AccountManagement.Backend.Api.Site/Controllers/v1/AccountController.cs
Api/Xpo.LastMile.AccountManagement.Backend.Api.Site/Models/Accounts.cs
Api/Xpo.LastMile.AccountManagement.Backend.Api/ApiKernelExtensions.cs
Api/Xpo.LastMile.AccountManagement.Backend.Api/Queries/GetAccountQuery.cs
Api/Xpo.LastMile.AccountManagement.Backend.Api/QueryHandlers/GetAccountQueryHandler.cs
Shared/Xpo.LastMile.AccountManagement.Shared.Data/Repositories/Accounts.cs
Shared/Xpo.LastMile.AccountManagement.Shared.Data/Repositories/IAccounts.cs
Shared/Xpo.LastMile.AccountManagement.Shared.Data/StoredProcs.generated.cs
Shared/Xpo.LastMile.AccountManagement.Shared.Models/Accounts.cs

commit 856d26cbce4f8c973569e5c9d89182575ced4641
Author: Perumal Babu <perumal.babu@xpo.com>
Date:   Wed Oct 4 17:01:04 2017 -0400

    Added the initial files for Account Management

.gitattributes
.gitignore
.nuget/nuget.config
Api/Xpo.LastMile.AccountManagement.Backend.Api.Site/AccessControl/AccessControlServiceFactory.cs
Api/Xpo.LastMile.AccountManagement.Backend.Api.Site/AccessControl/Authorizer.cs
Api/Xpo.LastMile.AccountManagement.Backend.Api.Site/ApiExceptionLogger.cs
Api/Xpo.LastMile.AccountManagement.Backend.Api.Site/ApiLogManager.cs
Api/Xpo.LastMile.AccountManagement.Backend.Api.Site/App_Start/ApiNinjectModule.cs
Api/Xpo.LastMile.AccountManagement.Backend.Api.Site/App_Start/NinjectWebCommon.cs
Api/Xpo.LastMile.AccountManagement.Backend.Api.Site/App_Start/Startup.cs
Api/Xpo.LastMile.AccountManagement.Backend.Api.Site/App_Start/SwaggerConfig.cs
Api/Xpo.LastMile.AccountManagement.Backend.Api.Site/App_Start/WebApiConfig.cs
Api/Xpo.LastMile.AccountManagement.Backend.Api.Site/Controllers/ApiControllerBase.cs
Api/Xpo.LastMile.AccountManagement.Backend.Api.Site/Controllers/ValuesController.cs
Api/Xpo.LastMile.AccountManagement.Backend.Api.Site/Filters/MultipleOperationsWithSameVerbFilter.cs
Api/Xpo.LastMile.AccountManagement.Backend.Api.Site/Properties/AssemblyInfo.cs
Api/Xpo.LastMile.AccountManagement.Backend.Api.Site/Web.DEV.config
Api/Xpo.LastMile.AccountManagement.Backend.Api.Site/Web.Main.config
Api/Xpo.LastMile.AccountManagement.Backend.Api.Site/Web.Prod.config
Api/Xpo.LastMile.AccountManagement.Backend.Api.Site/Web.QA.config
Api/Xpo.LastMile.AccountManagement.Backend.Api.Site/Web.Uat.config
Api/Xpo.LastMile.AccountManagement.Backend.Api.Site/Web.config
Api/Xpo.LastMile.AccountManagement.Backend.Api.Site/Xpo.LastMile.AccountManagement.Backend.Api.Site.csproj
Api/Xpo.LastMile.AccountManagement.Backend.Api.Site/packages.config
Api/Xpo.LastMile.AccountManagement.Backend.Api.Tests/ConsoleRunner.bat
Api/Xpo.LastMile.AccountManagement.Backend.Api.Tests/Properties/AssemblyInfo.cs
Api/Xpo.LastMile.AccountManagement.Backend.Api.Tests/QueryHandlers/SampleTests.cs
Api/Xpo.LastMile.AccountManagement.Backend.Api.Tests/Xpo.LastMile.AccountManagement.Backend.Api.Tests.csproj
Api/Xpo.LastMile.AccountManagement.Backend.Api.Tests/packages.config
Api/Xpo.LastMile.AccountManagement.Backend.Api/ApiKernelExtensions.cs
Api/Xpo.LastMile.AccountManagement.Backend.Api/ApiService.cs
Api/Xpo.LastMile.AccountManagement.Backend.Api/Models/ValuesModel.cs
Api/Xpo.LastMile.AccountManagement.Backend.Api/Properties/AssemblyInfo.cs
Api/Xpo.LastMile.AccountManagement.Backend.Api/Queries/GetValuesQuery.cs
Api/Xpo.LastMile.AccountManagement.Backend.Api/QueryHandlers/GetValuesQueryHandler.cs
Api/Xpo.LastMile.AccountManagement.Backend.Api/Xpo.LastMile.AccountManagement.Backend.Api.csproj
Api/Xpo.LastMile.AccountManagement.Backend.Api/packages.config
Shared/Xpo.LastMile.AccountManagement.Shared.Data/DbExecutorFactory.cs
Shared/Xpo.LastMile.AccountManagement.Shared.Data/ExecutorExtensions.cs
Shared/Xpo.LastMile.AccountManagement.Shared.Data/IDbExecutorFactory.cs
Shared/Xpo.LastMile.AccountManagement.Shared.Data/IdentifierSqlTypeHandler.cs
Shared/Xpo.LastMile.AccountManagement.Shared.Data/Properties/AssemblyInfo.cs
Shared/Xpo.LastMile.AccountManagement.Shared.Data/StoredProcs.generated.cs
Shared/Xpo.LastMile.AccountManagement.Shared.Data/StoredProcs.tt
Shared/Xpo.LastMile.AccountManagement.Shared.Data/Xpo.LastMile.AccountManagement.Shared.Data.csproj
Shared/Xpo.LastMile.AccountManagement.Shared.Data/packages.config
Shared/Xpo.LastMile.AccountManagement.Shared.Models/ExampleModel.cs
Shared/Xpo.LastMile.AccountManagement.Shared.Models/Properties/AssemblyInfo.cs
Shared/Xpo.LastMile.AccountManagement.Shared.Models/Xpo.LastMile.AccountManagement.Shared.Models.csproj
Shared/Xpo.LastMile.AccountManagement.Shared.Security/ApplicationUserProvider.cs
Shared/Xpo.LastMile.AccountManagement.Shared.Security/IXpoApplicationUser.cs
Shared/Xpo.LastMile.AccountManagement.Shared.Security/PermissionConstants.cs
Shared/Xpo.LastMile.AccountManagement.Shared.Security/Properties/AssemblyInfo.cs
Shared/Xpo.LastMile.AccountManagement.Shared.Security/Xpo.LastMile.AccountManagement.Shared.Security.csproj
Shared/Xpo.LastMile.AccountManagement.Shared.Security/XpoApplicationUser.cs
Shared/Xpo.LastMile.AccountManagement.Shared.Security/packages.config
Tms/Xpo.LastMile.AccountManagement.Tms.Tests/CommandHandlers/SampleTests.cs
Tms/Xpo.LastMile.AccountManagement.Tms.Tests/ConsoleRunner.bat
Tms/Xpo.LastMile.AccountManagement.Tms.Tests/Properties/AssemblyInfo.cs
Tms/Xpo.LastMile.AccountManagement.Tms.Tests/README.md
Tms/Xpo.LastMile.AccountManagement.Tms.Tests/Xpo.LastMile.AccountManagement.Tms.Tests.csproj
Tms/Xpo.LastMile.AccountManagement.Tms.Tests/packages.config
Tms/Xpo.LastMile.AccountManagement.Tms/CommandHandlers/CreateValuesCommandHandler.cs
Tms/Xpo.LastMile.AccountManagement.Tms/Commands/CreateValuesCommand.cs
Tms/Xpo.LastMile.AccountManagement.Tms/Properties/AssemblyInfo.cs
Tms/Xpo.LastMile.AccountManagement.Tms/TmsKernelExtensions.cs
Tms/Xpo.LastMile.AccountManagement.Tms/TmsService.cs
Tms/Xpo.LastMile.AccountManagement.Tms/Validation/CreateValuesCommandValidator.cs
Tms/Xpo.LastMile.AccountManagement.Tms/Xpo.LastMile.AccountManagement.Tms.csproj
Tms/Xpo.LastMile.AccountManagement.Tms/packages.config
Xpo.LastMile.AccountManagement.sln

commit 85c7029bf4f8f0a35f9ebf017d6ca87855e68579
Author: Abhinand Jinugu <abhinand@outlook.com>
Date:   Tue Oct 3 15:45:42 2017 -0400

    Initial commit

.gitignore
README.md
