add-checklist-question-dialog.component.html,bug,XLMHL-264
add-checklist-question-dialog.component.scss,bug,XLMHL-264
add-checklist-question-dialog.component.ts,bug,XLMHL-264
all-checklist-action-bar.component.html,bug,XLMHL-264
all-checklist-action-bar.component.scss,bug,XLMHL-264
all-checklist-action-bar.component.ts,bug,XLMHL-264
all-checklists.component.html,bug,XLMHL-264
all-checklists.component.ts,bug,XLMHL-264
checklist-management.module.ts,bug,XLMHL-264
checklist.model.ts,bug,XLMHL-264
all-checklists.component.html,code,XLMHL-262
ChecklistController.cs,code,XLMHL-266
Xpo.LastMile.ChecklistManagement.Backend.Api.Site.csproj,code,XLMHL-266
packages.config,code,XLMHL-266
all-checklists.component.html,code,XLMHL-262
all-checklists.component.ts,code,XLMHL-262
checklist-management.module.ts,code,XLMHL-262
app.component.ts,code,XLMHL-262
all-checklists.component.html,code,XLMHL-262
all-checklists.component.scss,code,XLMHL-262
all-checklists.component.ts,code,XLMHL-262
checklist-management.component.ts,code,XLMHL-262
checklist-management.module.ts,code,XLMHL-262
checklist-board-template.model.ts,code,XLMHL-262
checklist.model.ts,code,XLMHL-262
checklist.service.spec.ts,code,XLMHL-262
checklist.service.ts,code,XLMHL-262
response-handler.service.ts,code,XLMHL-262
service-mappings.service.ts,code,XLMHL-262
success-dialog.component.html,code,XLMHL-262
success-dialog.component.scss,code,XLMHL-262
success-dialog.component.ts,code,XLMHL-262
styles.css,code,XLMHL-262
Deactivate checklist,code,XLMHL-266
ChecklistController.cs,code,XLMHL-266
ActivateDeactivateChecklist.cs,code,XLMHL-266
Xpo.LastMile.ChecklistManagement.Backend.Api.Site.csproj,code,XLMHL-266
Checklist.cs,code,XLMHL-266
IChecklist.cs,code,XLMHL-266
ActivateDeactivateChecklist.cs,code,XLMHL-266
Xpo.LastMile.ChecklistManagement.Shared.Models.csproj,code,XLMHL-266
ActivateDeactivateChecklistCommandHandler.cs,code,XLMHL-266
ActivateDeactivateChecklistCommand.cs,code,XLMHL-266
ActivateDeactivateChecklistCommandValidator.cs,code,XLMHL-266
Xpo.LastMile.ChecklistManagement.Tms.csproj,code,XLMHL-266
ChecklistController.cs,code,XLMHL-265
ErrorMessages.Designer.cs,code,XLMHL-265
ErrorMessages.resx,code,XLMHL-265
UpdateChecklistCommandHandler.cs,code,XLMHL-265
ChecklistController.cs,code,XLMHL-262
SearchQuestion.cs,code,XLMHL-262
Xpo.LastMile.ChecklistManagement.Backend.Api.Site.csproj,code,XLMHL-262
SearchQuestionQuery.cs,code,XLMHL-262
SearchQuestionQueryHandler.cs,code,XLMHL-262
Xpo.LastMile.ChecklistManagement.Backend.Api.csproj,code,XLMHL-262
Checklist.cs,code,XLMHL-262
IChecklist.cs,code,XLMHL-262
AutoMapperConfig.cs,code,XLMHL-265
ValuesController.cs,code,XLMHL-265
ChecklistController.cs,code,XLMHL-265
Xpo.LastMile.ChecklistManagement.Backend.Api.Site.csproj,code,XLMHL-265
ValuesModel.cs,code,XLMHL-265
GetChecklistByIdQuery.cs,code,XLMHL-265
GetValuesQuery.cs,code,XLMHL-265
GetChecklistByIdQueryHandler.cs,code,XLMHL-265
GetValuesQueryHandler.cs,code,XLMHL-265
Xpo.LastMile.ChecklistManagement.Backend.Api.csproj,code,XLMHL-265
Checklist.cs,code,XLMHL-265
IChecklist.cs,code,XLMHL-265
CreateChecklistCommandHandler.cs,code,XLMHL-265
UpdateChecklistCommandHandler.cs,code,XLMHL-265
CreateChecklistCommand.cs,code,XLMHL-265
UpdateChecklistCommand.cs,code,XLMHL-265
CreateChecklistCommadValidator.cs,code,XLMHL-265
UpdateChecklistCommadValidator.cs,code,XLMHL-265
Xpo.LastMile.ChecklistManagement.Tms.csproj,code,XLMHL-265
AutoMapperConfig.cs,code,XLMHL-262
ChecklistController.cs,code,XLMHL-262
GetAllChecklistQuestionsQuery.cs,code,XLMHL-262
GetAllChecklistQuestionsQueryHandler.cs,code,XLMHL-262
Xpo.LastMile.ChecklistManagement.Backend.Api.csproj,code,XLMHL-262
Checklist.cs,code,XLMHL-262
IChecklist.cs,code,XLMHL-262
Sample.txt,bug,XLMHL-264
AutoMapperConfig.cs,bug,XLMHL-264
ChecklistController.cs,bug,XLMHL-264
ErrorMessages.Designer.cs,bug,XLMHL-264
ErrorMessages.resx,bug,XLMHL-264
ExceptionConstants.Designer.cs,bug,XLMHL-264
ExceptionConstants.resx,bug,XLMHL-264
Xpo.LastMile.ChecklistManagement.Backend.Api.Site.csproj,bug,XLMHL-264
packages.config,bug,XLMHL-264
Xpo.LastMile.ChecklistManagement.Backend.Api.csproj,bug,XLMHL-264
packages.config,bug,XLMHL-264
Checklist.cs,bug,XLMHL-264
IChecklist.cs,bug,XLMHL-264
Checklist.cs,bug,XLMHL-264
Xpo.LastMile.ChecklistManagement.Tms.Tests.csproj,bug,XLMHL-264
CreateChecklistCommandHandler.cs,bug,XLMHL-264
CreateChecklistCommand.cs,bug,XLMHL-264
CreateChecklistCommadValidator.cs,bug,XLMHL-264
Xpo.LastMile.ChecklistManagement.Tms.csproj,bug,XLMHL-264
Checklist.cs,bug,XLMHL-264
Checklist.cs,bug,XLMHL-264
.gitattributes,bug,XLMHL-264
.gitignore,bug,XLMHL-264
nuget.config,bug,XLMHL-264
AccessControlServiceFactory.cs,bug,XLMHL-264
Authorizer.cs,bug,XLMHL-264
ApiExceptionLogger.cs,bug,XLMHL-264
ApiLogManager.cs,bug,XLMHL-264
ApiNinjectModule.cs,bug,XLMHL-264
AutoMapperConfig.cs,bug,XLMHL-264
NinjectWebCommon.cs,bug,XLMHL-264
Startup.cs,bug,XLMHL-264
SwaggerConfig.cs,bug,XLMHL-264
WebApiConfig.cs,bug,XLMHL-264
CommonMethods.cs,bug,XLMHL-264
ApiControllerBase.cs,bug,XLMHL-264
ValuesController.cs,bug,XLMHL-264
ChecklistController.cs,bug,XLMHL-264
ErrorMessages.Designer.cs,bug,XLMHL-264
ErrorMessages.resx,bug,XLMHL-264
ExceptionConstants.Designer.cs,bug,XLMHL-264
ExceptionConstants.resx,bug,XLMHL-264
MultipleOperationsWithSameVerbFilter.cs,bug,XLMHL-264
Checklist.cs,bug,XLMHL-264
AssemblyInfo.cs,bug,XLMHL-264
Web.DEV.config,bug,XLMHL-264
Web.Main.config,bug,XLMHL-264
Web.Prod.config,bug,XLMHL-264
Web.QA.config,bug,XLMHL-264
Web.Uat.config,bug,XLMHL-264
Web.config,bug,XLMHL-264
Xpo.LastMile.ChecklistManagement.Backend.Api.Site.csproj,bug,XLMHL-264
packages.config,bug,XLMHL-264
ConsoleRunner.bat,bug,XLMHL-264
AssemblyInfo.cs,bug,XLMHL-264
Xpo.LastMile.ChecklistManagement.Backend.Api.Tests.csproj,bug,XLMHL-264
app.config,bug,XLMHL-264
packages.config,bug,XLMHL-264
ApiKernelExtensions.cs,bug,XLMHL-264
ApiService.cs,bug,XLMHL-264
ValuesModel.cs,bug,XLMHL-264
AssemblyInfo.cs,bug,XLMHL-264
GetValuesQuery.cs,bug,XLMHL-264
GetValuesQueryHandler.cs,bug,XLMHL-264
Xpo.LastMile.ChecklistManagement.Backend.Api.csproj,bug,XLMHL-264
packages.config,bug,XLMHL-264
README.md,bug,XLMHL-264
DbExecutorFactory.cs,bug,XLMHL-264
ExecutorExtensions.cs,bug,XLMHL-264
IDbExecutorFactory.cs,bug,XLMHL-264
IdentifierSqlTypeHandler.cs,bug,XLMHL-264
MockDbExecutor.cs,bug,XLMHL-264
MockDbExecutorFactory.cs,bug,XLMHL-264
MockTransactionDbExecutor.cs,bug,XLMHL-264
AssemblyInfo.cs,bug,XLMHL-264
Checklist.cs,bug,XLMHL-264
IChecklist.cs,bug,XLMHL-264
StoredProcs.generated.cs,bug,XLMHL-264
StoredProcs.tt,bug,XLMHL-264
Xpo.LastMile.ChecklistManagement.Shared.Data.csproj,bug,XLMHL-264
packages.config,bug,XLMHL-264
Checklist.cs,bug,XLMHL-264
ExampleModel.cs,bug,XLMHL-264
AssemblyInfo.cs,bug,XLMHL-264
Xpo.LastMile.ChecklistManagement.Shared.Models.csproj,bug,XLMHL-264
ApplicationUserProvider.cs,bug,XLMHL-264
IXpoApplicationUser.cs,bug,XLMHL-264
PermissionConstants.cs,bug,XLMHL-264
AssemblyInfo.cs,bug,XLMHL-264
Xpo.LastMile.ChecklistManagement.Shared.Security.csproj,bug,XLMHL-264
XpoApplicationUser.cs,bug,XLMHL-264
packages.config,bug,XLMHL-264
ConsoleRunner.bat,bug,XLMHL-264
AssemblyInfo.cs,bug,XLMHL-264
README.md,bug,XLMHL-264
Xpo.LastMile.ChecklistManagement.Tms.Tests.csproj,bug,XLMHL-264
app.config,bug,XLMHL-264
packages.config,bug,XLMHL-264
Messages.Designer.cs,bug,XLMHL-264
Messages.resx,bug,XLMHL-264
AssemblyInfo.cs,bug,XLMHL-264
TmsKernelExtensions.cs,bug,XLMHL-264
TmsService.cs,bug,XLMHL-264
Xpo.LastMile.ChecklistManagement.Tms.csproj,bug,XLMHL-264
packages.config,bug,XLMHL-264
Xpo.LastMile.ChecklistManagement.sln,bug,XLMHL-264
.gitattributes,bug,XLMHL-264
.gitignore,bug,XLMHL-264
nuget.config,bug,XLMHL-264
AccessControlServiceFactory.cs,bug,XLMHL-264
Authorizer.cs,bug,XLMHL-264
ApiExceptionLogger.cs,bug,XLMHL-264
ApiLogManager.cs,bug,XLMHL-264
ApiNinjectModule.cs,bug,XLMHL-264
AutoMapperConfig.cs,bug,XLMHL-264
NinjectWebCommon.cs,bug,XLMHL-264
Startup.cs,bug,XLMHL-264
SwaggerConfig.cs,bug,XLMHL-264
WebApiConfig.cs,bug,XLMHL-264
CommonMethods.cs,bug,XLMHL-264
ApiControllerBase.cs,bug,XLMHL-264
ValuesController.cs,bug,XLMHL-264
ChecklistController.cs,bug,XLMHL-264
ErrorMessages.Designer.cs,bug,XLMHL-264
ErrorMessages.resx,bug,XLMHL-264
ExceptionConstants.Designer.cs,bug,XLMHL-264
ExceptionConstants.resx,bug,XLMHL-264
MultipleOperationsWithSameVerbFilter.cs,bug,XLMHL-264
Checklist.cs,bug,XLMHL-264
AssemblyInfo.cs,bug,XLMHL-264
Web.DEV.config,bug,XLMHL-264
Web.Main.config,bug,XLMHL-264
Web.Prod.config,bug,XLMHL-264
Web.QA.config,bug,XLMHL-264
Web.Uat.config,bug,XLMHL-264
Web.config,bug,XLMHL-264
Xpo.LastMile.ChecklistManagement.Backend.Api.Site.csproj,bug,XLMHL-264
packages.config,bug,XLMHL-264
ConsoleRunner.bat,bug,XLMHL-264
AssemblyInfo.cs,bug,XLMHL-264
Xpo.LastMile.ChecklistManagement.Backend.Api.Tests.csproj,bug,XLMHL-264
app.config,bug,XLMHL-264
packages.config,bug,XLMHL-264
ApiKernelExtensions.cs,bug,XLMHL-264
ApiService.cs,bug,XLMHL-264
ValuesModel.cs,bug,XLMHL-264
AssemblyInfo.cs,bug,XLMHL-264
GetValuesQuery.cs,bug,XLMHL-264
GetValuesQueryHandler.cs,bug,XLMHL-264
Xpo.LastMile.ChecklistManagement.Backend.Api.csproj,bug,XLMHL-264
packages.config,bug,XLMHL-264
README.md,bug,XLMHL-264
DbExecutorFactory.cs,bug,XLMHL-264
ExecutorExtensions.cs,bug,XLMHL-264
IDbExecutorFactory.cs,bug,XLMHL-264
IdentifierSqlTypeHandler.cs,bug,XLMHL-264
MockDbExecutor.cs,bug,XLMHL-264
MockDbExecutorFactory.cs,bug,XLMHL-264
MockTransactionDbExecutor.cs,bug,XLMHL-264
AssemblyInfo.cs,bug,XLMHL-264
Checklist.cs,bug,XLMHL-264
IChecklist.cs,bug,XLMHL-264
StoredProcs.generated.cs,bug,XLMHL-264
StoredProcs.tt,bug,XLMHL-264
Xpo.LastMile.ChecklistManagement.Shared.Data.csproj,bug,XLMHL-264
packages.config,bug,XLMHL-264
Checklist.cs,bug,XLMHL-264
ExampleModel.cs,bug,XLMHL-264
AssemblyInfo.cs,bug,XLMHL-264
Xpo.LastMile.ChecklistManagement.Shared.Models.csproj,bug,XLMHL-264
ApplicationUserProvider.cs,bug,XLMHL-264
IXpoApplicationUser.cs,bug,XLMHL-264
PermissionConstants.cs,bug,XLMHL-264
AssemblyInfo.cs,bug,XLMHL-264
Xpo.LastMile.ChecklistManagement.Shared.Security.csproj,bug,XLMHL-264
XpoApplicationUser.cs,bug,XLMHL-264
packages.config,bug,XLMHL-264
ConsoleRunner.bat,bug,XLMHL-264
AssemblyInfo.cs,bug,XLMHL-264
README.md,bug,XLMHL-264
Xpo.LastMile.ChecklistManagement.Tms.Tests.csproj,bug,XLMHL-264
app.config,bug,XLMHL-264
packages.config,bug,XLMHL-264
Messages.Designer.cs,bug,XLMHL-264
Messages.resx,bug,XLMHL-264
AssemblyInfo.cs,bug,XLMHL-264
TmsKernelExtensions.cs,bug,XLMHL-264
TmsService.cs,bug,XLMHL-264
Xpo.LastMile.ChecklistManagement.Tms.csproj,bug,XLMHL-264
packages.config,bug,XLMHL-264
Xpo.LastMile.ChecklistManagement.sln,bug,XLMHL-264
Repo: HLCheckListManagement.log
Total checkins: 35
Total Bug Checkin is: 15
Total Bugs: 5454
Total Bugs with Checkins: 1
