commit 327cec8a89d3fc94d6f7ecb3f6b9a23e6b104cb9
Merge: d055ebd facf2e0
Author: Agilesh Sivakumar <31959033+agileshsivakumar@users.noreply.github.com>
Date:   Thu Dec 7 19:29:54 2017 +0530

    Merge pull request #15 from xpologistics/git-ignore
    
    git ignore updated, common styles removed

commit facf2e0f1dfab7b37c30fc9b718cba58fe556393
Author: Maria Francis <Maria.Francis@xpo.com>
Date:   Thu Dec 7 19:02:09 2017 +0530

    git ignore updated, common styles removed

src/ui/.gitignore
src/ui/src/styles.css

commit d055ebda39573b8b1b3dfa66672b9efffb874b8f
Merge: 0535332 40f9599
Author: Sneha Treesa <Sneha.Neduvelil@xpo.com>
Date:   Thu Dec 7 18:44:57 2017 +0530

    Merge pull request #14 from xpologistics/feature/XLMHL_264
    
    XLMHL-264

commit 40f95993dfcfda4ad9acda4ed751729e62dcd62c
Merge: 2519d73 0535332
Author: SnehaNeduvelil <Sneha.Neduvelil@xpo.com>
Date:   Thu Dec 7 17:32:02 2017 +0530

    Merge Conflict

commit 2519d7323b96b8b4eba2f7a1c3c08bd68bb83f57
Author: SnehaNeduvelil <Sneha.Neduvelil@xpo.com>
Date:   Thu Dec 7 17:25:02 2017 +0530

    UI Changes

src/ui/src/app/checklist-management/add-checklist-question-dialog/add-checklist-question-dialog.component.ts
src/ui/src/app/checklist-management/checklist-management.module.ts

commit 0535332bbd408b9e0463e091fbf41f7377f3db47
Merge: 1f40331 9dcd684
Author: Mohasina Maheen S <Mohasina.MaheenSaifunnisa@xpo.com>
Date:   Thu Dec 7 14:00:04 2017 +0530

    Merge pull request #13 from xpologistics/XLMHL-262
    
    XLMHL-262 :- Removing empty drawer opening for row click

commit 2e5dcc3f7abea48060c331b3a9a715503c64a51a
Author: SnehaNeduvelil <Sneha.Neduvelil@xpo.com>
Date:   Thu Dec 7 12:49:56 2017 +0530

    XLMHL-264

src/ui/src/app/checklist-management/add-checklist-question-dialog/add-checklist-question-dialog.component.html
src/ui/src/app/checklist-management/add-checklist-question-dialog/add-checklist-question-dialog.component.scss
src/ui/src/app/checklist-management/add-checklist-question-dialog/add-checklist-question-dialog.component.ts
src/ui/src/app/checklist-management/all-checklist-action-bar/all-checklist-action-bar.component.html
src/ui/src/app/checklist-management/all-checklist-action-bar/all-checklist-action-bar.component.scss
src/ui/src/app/checklist-management/all-checklist-action-bar/all-checklist-action-bar.component.ts
src/ui/src/app/checklist-management/all-checklists/all-checklists.component.html
src/ui/src/app/checklist-management/all-checklists/all-checklists.component.ts
src/ui/src/app/checklist-management/checklist-management.module.ts
src/ui/src/app/checklist-management/shared/checklist.model.ts

commit 9dcd684429e2453c63cbc8324d5ed248f985070c
Author: Mohasina Maheen Saifunnisa <Mohasina.MaheenSaifunnisa@xpo.com>
Date:   Thu Dec 7 11:36:15 2017 +0530

    XLMHL-262 :- Removing empty drawer opening for row click

src/ui/src/app/checklist-management/all-checklists/all-checklists.component.html

commit 1f40331e44fd0e0c1a8b6f99c284a4af0c910cd8
Merge: d91e3aa 14c2e15
Author: Mohasina Maheen S <Mohasina.MaheenSaifunnisa@xpo.com>
Date:   Wed Dec 6 18:18:25 2017 +0530

    Merge pull request #12 from xpologistics/XLMHL-266
    
    XLMHL-266 : Updated Security package

commit 14c2e15efdfd3bcd93cdddf88ab07668e8445f69
Author: Lima Raj <Lima.Raj@xpo.com>
Date:   Wed Dec 6 18:14:24 2017 +0530

    XLMHL-266 : Updated Security package

src/backend/Api/Xpo.LastMile.ChecklistManagement.Backend.Api.Site/Controllers/v1/ChecklistController.cs
src/backend/Api/Xpo.LastMile.ChecklistManagement.Backend.Api.Site/Xpo.LastMile.ChecklistManagement.Backend.Api.Site.csproj
src/backend/Api/Xpo.LastMile.ChecklistManagement.Backend.Api.Site/packages.config

commit d91e3aa3fc526d268f5d5c527b133a63a94c6d7b
Merge: 8569aa8 78c2f22
Author: Mohasina Maheen S <Mohasina.MaheenSaifunnisa@xpo.com>
Date:   Wed Dec 6 16:55:05 2017 +0530

    Merge pull request #11 from xpologistics/XLMHL-262
    
    XLMHL-262 :- UI Changes for listing Checklist Questions

commit 78c2f2223e522cc4962dfa9d36c3c6da07497235
Author: Mohasina Maheen Saifunnisa <Mohasina.MaheenSaifunnisa@xpo.com>
Date:   Wed Dec 6 16:40:17 2017 +0530

    XLMHL-262 :- UI changes done based on comment

src/ui/src/app/checklist-management/all-checklists/all-checklists.component.html
src/ui/src/app/checklist-management/all-checklists/all-checklists.component.ts
src/ui/src/app/checklist-management/checklist-management.module.ts

commit 2c58305cec8e7aae32b36e67afbc0b50fc3fdadd
Author: Mohasina Maheen Saifunnisa <Mohasina.MaheenSaifunnisa@xpo.com>
Date:   Wed Dec 6 14:56:40 2017 +0530

    XLMHL-262 :- UI Changes for listing Checklist Questions

src/ui/src/app/app.component.ts
src/ui/src/app/checklist-management/all-checklists/all-checklists.component.html
src/ui/src/app/checklist-management/all-checklists/all-checklists.component.scss
src/ui/src/app/checklist-management/all-checklists/all-checklists.component.ts
src/ui/src/app/checklist-management/checklist-management.component.ts
src/ui/src/app/checklist-management/checklist-management.module.ts
src/ui/src/app/checklist-management/shared/checklist-board-template.model.ts
src/ui/src/app/checklist-management/shared/checklist.model.ts
src/ui/src/app/checklist-management/shared/checklist.service.spec.ts
src/ui/src/app/checklist-management/shared/checklist.service.ts
src/ui/src/app/checklist-management/shared/response-handler.service.ts
src/ui/src/app/checklist-management/shared/service-mappings.service.ts
src/ui/src/app/checklist-management/shared/success-dialog/success-dialog.component.html
src/ui/src/app/checklist-management/shared/success-dialog/success-dialog.component.scss
src/ui/src/app/checklist-management/shared/success-dialog/success-dialog.component.ts
src/ui/src/styles.css

commit 8569aa802c0f745cbf3211e01832ad1ce90b1dc1
Merge: 218271e da4cc76
Author: Mohasina Maheen S <Mohasina.MaheenSaifunnisa@xpo.com>
Date:   Wed Dec 6 12:35:16 2017 +0530

    Merge pull request #10 from xpologistics/XLMHL-266
    
    XLMHL-266 :  API for Activate/Deactivate checklist

commit da4cc76606d5f876f312eaac0af3d818d142c5b7
Author: Lima Raj <Lima.Raj@xpo.com>
Date:   Wed Dec 6 12:29:18 2017 +0530

    XLMHL-266 :  API for Activate/Deactivate checklist

src/backend/Api/Xpo.LastMile.ChecklistManagement.Backend.Api.Site/Controllers/v1/ChecklistController.cs
src/backend/Api/Xpo.LastMile.ChecklistManagement.Backend.Api.Site/Models/ActivateDeactivateChecklist.cs
src/backend/Api/Xpo.LastMile.ChecklistManagement.Backend.Api.Site/Xpo.LastMile.ChecklistManagement.Backend.Api.Site.csproj
src/backend/Shared/Xpo.LastMile.ChecklistManagement.Shared.Data/Repository/Checklist.cs
src/backend/Shared/Xpo.LastMile.ChecklistManagement.Shared.Data/Repository/IChecklist.cs
src/backend/Shared/Xpo.LastMile.ChecklistManagement.Shared.Models/ActivateDeactivateChecklist.cs
src/backend/Shared/Xpo.LastMile.ChecklistManagement.Shared.Models/Xpo.LastMile.ChecklistManagement.Shared.Models.csproj
src/backend/Tms/Xpo.LastMile.ChecklistManagement.Tms/CommandHandlers/ActivateDeactivateChecklistCommandHandler.cs
src/backend/Tms/Xpo.LastMile.ChecklistManagement.Tms/Commands/ActivateDeactivateChecklistCommand.cs
src/backend/Tms/Xpo.LastMile.ChecklistManagement.Tms/Validation/ActivateDeactivateChecklistCommandValidator.cs
src/backend/Tms/Xpo.LastMile.ChecklistManagement.Tms/Xpo.LastMile.ChecklistManagement.Tms.csproj

commit 218271ea4d3d66bd1bd13dff1419a0caeca23312
Merge: 655f720 aa9a35e
Author: Lima Raj <lima.raj@xpo.com>
Date:   Tue Dec 5 17:27:10 2017 +0530

    Merge pull request #9 from xpologistics/XLMHL-265
    
    XLMHL-265 : Updated

commit aa9a35ed30ff4f9fd296580d09e65a324371365d
Author: Lima Raj <Lima.Raj@xpo.com>
Date:   Tue Dec 5 16:47:59 2017 +0530

    XLMHL-265 :  Updated

src/backend/Api/Xpo.LastMile.ChecklistManagement.Backend.Api.Site/Controllers/v1/ChecklistController.cs
src/backend/Api/Xpo.LastMile.ChecklistManagement.Backend.Api.Site/ErrorMessages.Designer.cs
src/backend/Api/Xpo.LastMile.ChecklistManagement.Backend.Api.Site/ErrorMessages.resx
src/backend/Tms/Xpo.LastMile.ChecklistManagement.Tms/CommandHandlers/UpdateChecklistCommandHandler.cs

commit 12c9ee2fce66a78c1647c7c933e5d73a2c78101a
Merge: 7b54be2 655f720
Author: Lima Raj <Lima.Raj@xpo.com>
Date:   Tue Dec 5 16:40:08 2017 +0530

    XLMHL-265 : Updated

commit 655f7208a45b05eff847be703d5e4e7d2a8f640f
Merge: e7e38cd d67be11
Author: Mohasina Maheen S <Mohasina.MaheenSaifunnisa@xpo.com>
Date:   Tue Dec 5 16:22:51 2017 +0530

    Merge pull request #7 from xpologistics/XLMHL-265
    
    XLMHL-265 : Update Checklist API

commit d67be11ab72af17573b3640e696a4c4e02501735
Merge: 7b54be2 e7e38cd
Author: Lima Raj <lima.raj@xpo.com>
Date:   Tue Dec 5 16:21:37 2017 +0530

    Merge branch 'develop' into XLMHL-265

commit e7e38cd76f9f3d916db2d79792deab45bc12a972
Merge: 4cbe915 e2196fc
Author: Lima Raj <lima.raj@xpo.com>
Date:   Tue Dec 5 16:17:23 2017 +0530

    Merge pull request #8 from xpologistics/XLMHL-262
    
    XLMHL-262 :- API for fetching checklist questions starting with given question name

commit e2196fc0d4db331df59d9a35761687da12e4faa4
Author: Mohasina Maheen Saifunnisa <Mohasina.MaheenSaifunnisa@xpo.com>
Date:   Tue Dec 5 16:09:51 2017 +0530

    XLMHL-262 :- API for fetching checklist questions starting with given question name

src/backend/Api/Xpo.LastMile.ChecklistManagement.Backend.Api.Site/Controllers/v1/ChecklistController.cs
src/backend/Api/Xpo.LastMile.ChecklistManagement.Backend.Api.Site/Models/SearchQuestion.cs
src/backend/Api/Xpo.LastMile.ChecklistManagement.Backend.Api.Site/Xpo.LastMile.ChecklistManagement.Backend.Api.Site.csproj
src/backend/Api/Xpo.LastMile.ChecklistManagement.Backend.Api/Queries/SearchQuestionQuery.cs
src/backend/Api/Xpo.LastMile.ChecklistManagement.Backend.Api/QueryHandlers/SearchQuestionQueryHandler.cs
src/backend/Api/Xpo.LastMile.ChecklistManagement.Backend.Api/Xpo.LastMile.ChecklistManagement.Backend.Api.csproj
src/backend/Shared/Xpo.LastMile.ChecklistManagement.Shared.Data/Repository/Checklist.cs
src/backend/Shared/Xpo.LastMile.ChecklistManagement.Shared.Data/Repository/IChecklist.cs

commit 7b54be2282ff3ae49c3e4617036afbefdeafd936
Author: Lima Raj <Lima.Raj@xpo.com>
Date:   Tue Dec 5 16:04:43 2017 +0530

    XLMHL-265 : Update Checklist API

src/backend/Api/Xpo.LastMile.ChecklistManagement.Backend.Api.Site/App_Start/AutoMapperConfig.cs
src/backend/Api/Xpo.LastMile.ChecklistManagement.Backend.Api.Site/Controllers/ValuesController.cs
src/backend/Api/Xpo.LastMile.ChecklistManagement.Backend.Api.Site/Controllers/v1/ChecklistController.cs
src/backend/Api/Xpo.LastMile.ChecklistManagement.Backend.Api.Site/Xpo.LastMile.ChecklistManagement.Backend.Api.Site.csproj
src/backend/Api/Xpo.LastMile.ChecklistManagement.Backend.Api/Models/ValuesModel.cs
src/backend/Api/Xpo.LastMile.ChecklistManagement.Backend.Api/Queries/GetChecklistByIdQuery.cs
src/backend/Api/Xpo.LastMile.ChecklistManagement.Backend.Api/Queries/GetValuesQuery.cs
src/backend/Api/Xpo.LastMile.ChecklistManagement.Backend.Api/QueryHandlers/GetChecklistByIdQueryHandler.cs
src/backend/Api/Xpo.LastMile.ChecklistManagement.Backend.Api/QueryHandlers/GetValuesQueryHandler.cs
src/backend/Api/Xpo.LastMile.ChecklistManagement.Backend.Api/Xpo.LastMile.ChecklistManagement.Backend.Api.csproj
src/backend/Shared/Xpo.LastMile.ChecklistManagement.Shared.Data/Repository/Checklist.cs
src/backend/Shared/Xpo.LastMile.ChecklistManagement.Shared.Data/Repository/IChecklist.cs
src/backend/Tms/Xpo.LastMile.ChecklistManagement.Tms/CommandHandlers/CreateChecklistCommandHandler.cs
src/backend/Tms/Xpo.LastMile.ChecklistManagement.Tms/CommandHandlers/UpdateChecklistCommandHandler.cs
src/backend/Tms/Xpo.LastMile.ChecklistManagement.Tms/Commands/CreateChecklistCommand.cs
src/backend/Tms/Xpo.LastMile.ChecklistManagement.Tms/Commands/UpdateChecklistCommand.cs
src/backend/Tms/Xpo.LastMile.ChecklistManagement.Tms/Validation/CreateChecklistCommadValidator.cs
src/backend/Tms/Xpo.LastMile.ChecklistManagement.Tms/Validation/UpdateChecklistCommadValidator.cs
src/backend/Tms/Xpo.LastMile.ChecklistManagement.Tms/Xpo.LastMile.ChecklistManagement.Tms.csproj

commit 4cbe9151e44093c30e3542572e5e0c18aee8f8c6
Merge: 6dce09e 3383579
Author: Agilesh Sivakumar <31959033+agileshsivakumar@users.noreply.github.com>
Date:   Tue Dec 5 15:48:17 2017 +0530

    Merge pull request #6 from xpologistics/feature/XLMHL-264
    
    Initial UI code

commit 3383579fca2f92f56bc7f6555141876a06457c9a
Author: SnehaNeduvelil <Sneha.Neduvelil@xpo.com>
Date:   Tue Dec 5 15:44:41 2017 +0530

    Initial UI code

src/ui/.angular-cli.json
src/ui/.editorconfig
src/ui/.gitignore
src/ui/.npmrc
src/ui/ChecklistManagemetUi.nuspec
src/ui/README.md
src/ui/e2e/app.e2e-spec.ts
src/ui/e2e/app.po.ts
src/ui/e2e/tsconfig.e2e.json
src/ui/gulpfile.js
src/ui/karma.conf.js
src/ui/package-lock.json
src/ui/package.json
src/ui/protractor.conf.js
src/ui/src/app/app.component.html
src/ui/src/app/app.component.scss
src/ui/src/app/app.component.spec.ts
src/ui/src/app/app.component.ts
src/ui/src/app/app.module.ts
src/ui/src/app/app.routes.ts
src/ui/src/app/checklist-management/all-checklists/all-checklists.component.html
src/ui/src/app/checklist-management/all-checklists/all-checklists.component.scss
src/ui/src/app/checklist-management/all-checklists/all-checklists.component.ts
src/ui/src/app/checklist-management/checklist-management-routing.module.ts
src/ui/src/app/checklist-management/checklist-management.component.html
src/ui/src/app/checklist-management/checklist-management.component.scss
src/ui/src/app/checklist-management/checklist-management.component.ts
src/ui/src/app/checklist-management/checklist-management.module.ts
src/ui/src/app/checklist-management/index.ts
src/ui/src/app/checklist-management/package.json
src/ui/src/app/checklist-management/shared/shared.module.ts
src/ui/src/app/checklist-management/web.config
src/ui/src/assets/.gitkeep
src/ui/src/assets/appSettings.json
src/ui/src/assets/grid/styles/ag-grid.css
src/ui/src/assets/grid/styles/theme-blue.css
src/ui/src/assets/grid/styles/theme-bootstrap.css
src/ui/src/assets/grid/styles/theme-dark.css
src/ui/src/assets/grid/styles/theme-fresh.css
src/ui/src/assets/grid/styles/theme-material.css
src/ui/src/assets/img/RedWht.svg
src/ui/src/assets/img/Roboto_Font.gif
src/ui/src/assets/img/loading.gif
src/ui/src/assets/img/logo.svg
src/ui/src/assets/img/spacer.png
src/ui/src/assets/img/spinner.png
src/ui/src/assets/img/upload.svg
src/ui/src/assets/img/xpo.jpg
src/ui/src/assets/img/xpo_logo.png
src/ui/src/assets/lib/xpo-icons/XPOicon.svg
src/ui/src/assets/lib/xpo-icons/XPOicon.ttf
src/ui/src/assets/lib/xpo-icons/XPOicon.woff
src/ui/src/assets/lib/xpo-icons/_xpo-icon-styles.scss
src/ui/src/assets/lib/xpo-icons/_xpo-icon-vars.scss
src/ui/src/environments/environment.prod.ts
src/ui/src/environments/environment.ts
src/ui/src/favicon.ico
src/ui/src/index.html
src/ui/src/main.ts
src/ui/src/polyfills.ts
src/ui/src/styles.css
src/ui/src/test.ts
src/ui/src/tsconfig.json
src/ui/src/typings.d.ts
src/ui/src/web.config
src/ui/tslint.json
src/ui/web.config
src/ui/yarn.lock

commit 6dce09eb6a0af70561cfc60c194e9e090fc2bef3
Merge: 31c4527 3173b3c
Author: Lima Raj <lima.raj@xpo.com>
Date:   Tue Dec 5 14:51:04 2017 +0530

    Merge pull request #5 from xpologistics/XLMHL-262
    
    XLMHL-262 :- API for fetching all checklist questions

commit 3173b3c7aa0659cfa6dfbba48cacbe6a050f2493
Merge: 42f5913 31c4527
Author: Mohasina Maheen S <Mohasina.MaheenSaifunnisa@xpo.com>
Date:   Tue Dec 5 14:49:23 2017 +0530

    Merge branch 'develop' into XLMHL-262

commit 42f59134c3c782eea08c9675344317e81b44de20
Author: Mohasina Maheen Saifunnisa <Mohasina.MaheenSaifunnisa@xpo.com>
Date:   Tue Dec 5 14:41:19 2017 +0530

    XLMHL-262 :- API for fetching all checklist questions

src/backend/Api/Xpo.LastMile.ChecklistManagement.Backend.Api.Site/App_Start/AutoMapperConfig.cs
src/backend/Api/Xpo.LastMile.ChecklistManagement.Backend.Api.Site/Controllers/v1/ChecklistController.cs
src/backend/Api/Xpo.LastMile.ChecklistManagement.Backend.Api/Queries/GetAllChecklistQuestionsQuery.cs
src/backend/Api/Xpo.LastMile.ChecklistManagement.Backend.Api/QueryHandlers/GetAllChecklistQuestionsQueryHandler.cs
src/backend/Api/Xpo.LastMile.ChecklistManagement.Backend.Api/Xpo.LastMile.ChecklistManagement.Backend.Api.csproj
src/backend/Shared/Xpo.LastMile.ChecklistManagement.Shared.Data/Repository/Checklist.cs
src/backend/Shared/Xpo.LastMile.ChecklistManagement.Shared.Data/Repository/IChecklist.cs

commit 31c4527d4b7d74479902dab660eea5497fb878bd
Merge: c426bca e7d41f9
Author: Mohasina Maheen S <Mohasina.MaheenSaifunnisa@xpo.com>
Date:   Tue Dec 5 12:05:29 2017 +0530

    Merge pull request #4 from xpologistics/XLMHL-264
    
    XLMHL-264 : Initial Checkin

commit e7d41f9a5760fad088afbc2a3ac492b2167dc811
Author: Lima Raj <Lima.Raj@xpo.com>
Date:   Tue Dec 5 12:02:50 2017 +0530

    XLMHL-264 : Initial Checkin

src/ui/Sample.txt

commit c426bca614f0f4d6b39c75faa56a571e80f90325
Merge: fc189db 799cd8e
Author: Mohasina Maheen S <Mohasina.MaheenSaifunnisa@xpo.com>
Date:   Tue Dec 5 11:57:21 2017 +0530

    Merge pull request #3 from xpologistics/XLMHL-264
    
    XLMHL-264 :  Create checklist API

commit 799cd8e9b4376447d16f0674f1c9d2638e754a87
Author: Lima Raj <Lima.Raj@xpo.com>
Date:   Tue Dec 5 11:52:52 2017 +0530

    XLMHL-264 :  Create checklist API

src/backend/Api/Xpo.LastMile.ChecklistManagement.Backend.Api.Site/App_Start/AutoMapperConfig.cs
src/backend/Api/Xpo.LastMile.ChecklistManagement.Backend.Api.Site/Controllers/v1/ChecklistController.cs
src/backend/Api/Xpo.LastMile.ChecklistManagement.Backend.Api.Site/ErrorMessages.Designer.cs
src/backend/Api/Xpo.LastMile.ChecklistManagement.Backend.Api.Site/ErrorMessages.resx
src/backend/Api/Xpo.LastMile.ChecklistManagement.Backend.Api.Site/ExceptionConstants.Designer.cs
src/backend/Api/Xpo.LastMile.ChecklistManagement.Backend.Api.Site/ExceptionConstants.resx
src/backend/Api/Xpo.LastMile.ChecklistManagement.Backend.Api.Site/Xpo.LastMile.ChecklistManagement.Backend.Api.Site.csproj
src/backend/Api/Xpo.LastMile.ChecklistManagement.Backend.Api.Site/packages.config
src/backend/Api/Xpo.LastMile.ChecklistManagement.Backend.Api/Xpo.LastMile.ChecklistManagement.Backend.Api.csproj
src/backend/Api/Xpo.LastMile.ChecklistManagement.Backend.Api/packages.config
src/backend/Shared/Xpo.LastMile.ChecklistManagement.Shared.Data/Repository/Checklist.cs
src/backend/Shared/Xpo.LastMile.ChecklistManagement.Shared.Data/Repository/IChecklist.cs
src/backend/Shared/Xpo.LastMile.ChecklistManagement.Shared.Models/Checklist.cs
src/backend/Tms/Xpo.LastMile.ChecklistManagement.Tms.Tests/Xpo.LastMile.ChecklistManagement.Tms.Tests.csproj
src/backend/Tms/Xpo.LastMile.ChecklistManagement.Tms/CommandHandlers/CreateChecklistCommandHandler.cs
src/backend/Tms/Xpo.LastMile.ChecklistManagement.Tms/Commands/CreateChecklistCommand.cs
src/backend/Tms/Xpo.LastMile.ChecklistManagement.Tms/Validation/CreateChecklistCommadValidator.cs
src/backend/Tms/Xpo.LastMile.ChecklistManagement.Tms/Xpo.LastMile.ChecklistManagement.Tms.csproj

commit fc189dbdaf23030cfd7855e763aedbbe2b9dbcf6
Merge: 28c4cb4 e92b5b5
Author: Mohasina Maheen S <Mohasina.MaheenSaifunnisa@xpo.com>
Date:   Tue Dec 5 10:24:12 2017 +0530

    Merge pull request #2 from xpologistics/XLMHL-264
    
    XLMHL-264 : Models for Checklist

commit e92b5b55086d054c97d1ebc725fb32bd5c682fdc
Author: Tharun Sudhakaran <Tharun.Sudhakaran@xpo.com>
Date:   Tue Dec 5 10:10:32 2017 +0530

    XLMHL-264 : Models for Checklist

src/backend/Api/Xpo.LastMile.ChecklistManagement.Backend.Api.Site/Models/Checklist.cs
src/backend/Shared/Xpo.LastMile.ChecklistManagement.Shared.Models/Checklist.cs

commit 28c4cb48c998b88dc113e616863a89160fea3c1d
Merge: 9df6900 5c9a622
Author: Mohasina Maheen S <Mohasina.MaheenSaifunnisa@xpo.com>
Date:   Mon Dec 4 18:50:47 2017 +0530

    Merge pull request #1 from xpologistics/XLMHL-264
    
    XLMHL-264 :  Repository Commit

commit 5c9a6229711d568fd884ec50d46fe7e6fb21a264
Author: Lima Raj <Lima.Raj@xpo.com>
Date:   Mon Dec 4 18:45:43 2017 +0530

    XLMHL-264 :  Repository Commit

src/backend/.gitattributes
src/backend/.gitignore
src/backend/.nuget/nuget.config
src/backend/Api/Xpo.LastMile.ChecklistManagement.Backend.Api.Site/AccessControl/AccessControlServiceFactory.cs
src/backend/Api/Xpo.LastMile.ChecklistManagement.Backend.Api.Site/AccessControl/Authorizer.cs
src/backend/Api/Xpo.LastMile.ChecklistManagement.Backend.Api.Site/ApiExceptionLogger.cs
src/backend/Api/Xpo.LastMile.ChecklistManagement.Backend.Api.Site/ApiLogManager.cs
src/backend/Api/Xpo.LastMile.ChecklistManagement.Backend.Api.Site/App_Start/ApiNinjectModule.cs
src/backend/Api/Xpo.LastMile.ChecklistManagement.Backend.Api.Site/App_Start/AutoMapperConfig.cs
src/backend/Api/Xpo.LastMile.ChecklistManagement.Backend.Api.Site/App_Start/NinjectWebCommon.cs
src/backend/Api/Xpo.LastMile.ChecklistManagement.Backend.Api.Site/App_Start/Startup.cs
src/backend/Api/Xpo.LastMile.ChecklistManagement.Backend.Api.Site/App_Start/SwaggerConfig.cs
src/backend/Api/Xpo.LastMile.ChecklistManagement.Backend.Api.Site/App_Start/WebApiConfig.cs
src/backend/Api/Xpo.LastMile.ChecklistManagement.Backend.Api.Site/CommonMethods.cs
src/backend/Api/Xpo.LastMile.ChecklistManagement.Backend.Api.Site/Controllers/ApiControllerBase.cs
src/backend/Api/Xpo.LastMile.ChecklistManagement.Backend.Api.Site/Controllers/ValuesController.cs
src/backend/Api/Xpo.LastMile.ChecklistManagement.Backend.Api.Site/Controllers/v1/ChecklistController.cs
src/backend/Api/Xpo.LastMile.ChecklistManagement.Backend.Api.Site/ErrorMessages.Designer.cs
src/backend/Api/Xpo.LastMile.ChecklistManagement.Backend.Api.Site/ErrorMessages.resx
src/backend/Api/Xpo.LastMile.ChecklistManagement.Backend.Api.Site/ExceptionConstants.Designer.cs
src/backend/Api/Xpo.LastMile.ChecklistManagement.Backend.Api.Site/ExceptionConstants.resx
src/backend/Api/Xpo.LastMile.ChecklistManagement.Backend.Api.Site/Filters/MultipleOperationsWithSameVerbFilter.cs
src/backend/Api/Xpo.LastMile.ChecklistManagement.Backend.Api.Site/Models/Checklist.cs
src/backend/Api/Xpo.LastMile.ChecklistManagement.Backend.Api.Site/Properties/AssemblyInfo.cs
src/backend/Api/Xpo.LastMile.ChecklistManagement.Backend.Api.Site/Web.DEV.config
src/backend/Api/Xpo.LastMile.ChecklistManagement.Backend.Api.Site/Web.Main.config
src/backend/Api/Xpo.LastMile.ChecklistManagement.Backend.Api.Site/Web.Prod.config
src/backend/Api/Xpo.LastMile.ChecklistManagement.Backend.Api.Site/Web.QA.config
src/backend/Api/Xpo.LastMile.ChecklistManagement.Backend.Api.Site/Web.Uat.config
src/backend/Api/Xpo.LastMile.ChecklistManagement.Backend.Api.Site/Web.config
src/backend/Api/Xpo.LastMile.ChecklistManagement.Backend.Api.Site/Xpo.LastMile.ChecklistManagement.Backend.Api.Site.csproj
src/backend/Api/Xpo.LastMile.ChecklistManagement.Backend.Api.Site/packages.config
src/backend/Api/Xpo.LastMile.ChecklistManagement.Backend.Api.Tests/ConsoleRunner.bat
src/backend/Api/Xpo.LastMile.ChecklistManagement.Backend.Api.Tests/Properties/AssemblyInfo.cs
src/backend/Api/Xpo.LastMile.ChecklistManagement.Backend.Api.Tests/Xpo.LastMile.ChecklistManagement.Backend.Api.Tests.csproj
src/backend/Api/Xpo.LastMile.ChecklistManagement.Backend.Api.Tests/app.config
src/backend/Api/Xpo.LastMile.ChecklistManagement.Backend.Api.Tests/packages.config
src/backend/Api/Xpo.LastMile.ChecklistManagement.Backend.Api/ApiKernelExtensions.cs
src/backend/Api/Xpo.LastMile.ChecklistManagement.Backend.Api/ApiService.cs
src/backend/Api/Xpo.LastMile.ChecklistManagement.Backend.Api/Models/ValuesModel.cs
src/backend/Api/Xpo.LastMile.ChecklistManagement.Backend.Api/Properties/AssemblyInfo.cs
src/backend/Api/Xpo.LastMile.ChecklistManagement.Backend.Api/Queries/GetValuesQuery.cs
src/backend/Api/Xpo.LastMile.ChecklistManagement.Backend.Api/QueryHandlers/GetValuesQueryHandler.cs
src/backend/Api/Xpo.LastMile.ChecklistManagement.Backend.Api/Xpo.LastMile.ChecklistManagement.Backend.Api.csproj
src/backend/Api/Xpo.LastMile.ChecklistManagement.Backend.Api/packages.config
src/backend/README.md
src/backend/Shared/Xpo.LastMile.ChecklistManagement.Shared.Data/DbExecutorFactory.cs
src/backend/Shared/Xpo.LastMile.ChecklistManagement.Shared.Data/ExecutorExtensions.cs
src/backend/Shared/Xpo.LastMile.ChecklistManagement.Shared.Data/IDbExecutorFactory.cs
src/backend/Shared/Xpo.LastMile.ChecklistManagement.Shared.Data/IdentifierSqlTypeHandler.cs
src/backend/Shared/Xpo.LastMile.ChecklistManagement.Shared.Data/MockDbExecutor.cs
src/backend/Shared/Xpo.LastMile.ChecklistManagement.Shared.Data/MockDbExecutorFactory.cs
src/backend/Shared/Xpo.LastMile.ChecklistManagement.Shared.Data/MockTransactionDbExecutor.cs
src/backend/Shared/Xpo.LastMile.ChecklistManagement.Shared.Data/Properties/AssemblyInfo.cs
src/backend/Shared/Xpo.LastMile.ChecklistManagement.Shared.Data/Repository/Checklist.cs
src/backend/Shared/Xpo.LastMile.ChecklistManagement.Shared.Data/Repository/IChecklist.cs
src/backend/Shared/Xpo.LastMile.ChecklistManagement.Shared.Data/StoredProcs.generated.cs
src/backend/Shared/Xpo.LastMile.ChecklistManagement.Shared.Data/StoredProcs.tt
src/backend/Shared/Xpo.LastMile.ChecklistManagement.Shared.Data/Xpo.LastMile.ChecklistManagement.Shared.Data.csproj
src/backend/Shared/Xpo.LastMile.ChecklistManagement.Shared.Data/packages.config
src/backend/Shared/Xpo.LastMile.ChecklistManagement.Shared.Models/Checklist.cs
src/backend/Shared/Xpo.LastMile.ChecklistManagement.Shared.Models/ExampleModel.cs
src/backend/Shared/Xpo.LastMile.ChecklistManagement.Shared.Models/Properties/AssemblyInfo.cs
src/backend/Shared/Xpo.LastMile.ChecklistManagement.Shared.Models/Xpo.LastMile.ChecklistManagement.Shared.Models.csproj
src/backend/Shared/Xpo.LastMile.ChecklistManagement.Shared.Security/ApplicationUserProvider.cs
src/backend/Shared/Xpo.LastMile.ChecklistManagement.Shared.Security/IXpoApplicationUser.cs
src/backend/Shared/Xpo.LastMile.ChecklistManagement.Shared.Security/PermissionConstants.cs
src/backend/Shared/Xpo.LastMile.ChecklistManagement.Shared.Security/Properties/AssemblyInfo.cs
src/backend/Shared/Xpo.LastMile.ChecklistManagement.Shared.Security/Xpo.LastMile.ChecklistManagement.Shared.Security.csproj
src/backend/Shared/Xpo.LastMile.ChecklistManagement.Shared.Security/XpoApplicationUser.cs
src/backend/Shared/Xpo.LastMile.ChecklistManagement.Shared.Security/packages.config
src/backend/Tms/Xpo.LastMile.ChecklistManagement.Tms.Tests/ConsoleRunner.bat
src/backend/Tms/Xpo.LastMile.ChecklistManagement.Tms.Tests/Properties/AssemblyInfo.cs
src/backend/Tms/Xpo.LastMile.ChecklistManagement.Tms.Tests/README.md
src/backend/Tms/Xpo.LastMile.ChecklistManagement.Tms.Tests/Xpo.LastMile.ChecklistManagement.Tms.Tests.csproj
src/backend/Tms/Xpo.LastMile.ChecklistManagement.Tms.Tests/app.config
src/backend/Tms/Xpo.LastMile.ChecklistManagement.Tms.Tests/packages.config
src/backend/Tms/Xpo.LastMile.ChecklistManagement.Tms/Messages.Designer.cs
src/backend/Tms/Xpo.LastMile.ChecklistManagement.Tms/Messages.resx
src/backend/Tms/Xpo.LastMile.ChecklistManagement.Tms/Properties/AssemblyInfo.cs
src/backend/Tms/Xpo.LastMile.ChecklistManagement.Tms/TmsKernelExtensions.cs
src/backend/Tms/Xpo.LastMile.ChecklistManagement.Tms/TmsService.cs
src/backend/Tms/Xpo.LastMile.ChecklistManagement.Tms/Xpo.LastMile.ChecklistManagement.Tms.csproj
src/backend/Tms/Xpo.LastMile.ChecklistManagement.Tms/packages.config
src/backend/Xpo.LastMile.ChecklistManagement.sln

commit 9df690049cea78d3ca1ef66aab88dccf89c4c66c
Author: Abhinand Jinugu <abhinand@outlook.com>
Date:   Wed Nov 29 00:12:23 2017 -0500

    Initial commit

.gitignore
README.md
