# @(#)passwords.log  1.0 8/1/2016
#
# Created: 2016-08-10-07-26-22
# log file to store all accounts and passwords.  There will be one place to fix all passwords.
#
#
# @(#)passwords.log  1.0 8/1/2016
#
# log file to store all accounts and passwords.  There will be one place to fix all passwords.
#
# format of a login:
#   comma delimited row of data.
#

#
# yes to indicate passwords are all encrypted with 64bit encryption. There is no need to change this
# parameter. This will be set by sTestCustomerAccountManagerFactory
#
passwords.encrypted=no

login=dramer,NewMexico#32
login=dramerCustomer,NewMexico#32
login=dramerCreditAnalyst,Florida#32
login=linc,test
login=dramerAdmin,Florida#32
login=dramerSalesRep,Florida#32
login=dramerPassSet,Florida#1
login=dramerCustomer2,NewMexico#32
login=dramerAZ,NewMexico#32
login=frank,frank4




























































